CRITICAL - 2024-08-16 01:14:38 --> ErrorException: Undefined variable $sentSMS
in APPPATH\Views\showMessage.php on line 86.
 1 APPPATH\Views\showMessage.php(86): CodeIgniter\Debug\Exceptions->errorHandler(2, 'Undefined variable $sentSMS', 'C:\\laragon\\www\\solarflood\\app\\Views\\showMessage.php', 86)
 2 SYSTEMPATH\View\View.php(228): include('C:\\laragon\\www\\solarflood\\app\\Views\\showMessage.php')
 3 SYSTEMPATH\View\View.php(231): CodeIgniter\View\View->CodeIgniter\View\{closure}()
 4 SYSTEMPATH\Common.php(1178): CodeIgniter\View\View->render('showMessage', [], true)
 5 APPPATH\Controllers\Home.php(286): view('showMessage', [...])
 6 SYSTEMPATH\CodeIgniter.php(941): App\Controllers\Home->show('09952927249')
 7 SYSTEMPATH\CodeIgniter.php(502): CodeIgniter\CodeIgniter->runController(Object(App\Controllers\Home))
 8 SYSTEMPATH\CodeIgniter.php(361): CodeIgniter\CodeIgniter->handleRequest(null, Object(Config\Cache), false)
 9 FCPATH\index.php(82): CodeIgniter\CodeIgniter->run()
10 SYSTEMPATH\Commands\Server\rewrite.php(47): require_once('C:\\laragon\\www\\solarflood\\public\\index.php')
CRITICAL - 2024-08-16 01:19:03 --> ErrorException: Undefined variable $sentSMS
in APPPATH\Views\showMessage.php on line 86.
 1 APPPATH\Views\showMessage.php(86): CodeIgniter\Debug\Exceptions->errorHandler(2, 'Undefined variable $sentSMS', 'C:\\laragon\\www\\solarflood\\app\\Views\\showMessage.php', 86)
 2 SYSTEMPATH\View\View.php(228): include('C:\\laragon\\www\\solarflood\\app\\Views\\showMessage.php')
 3 SYSTEMPATH\View\View.php(231): CodeIgniter\View\View->CodeIgniter\View\{closure}()
 4 SYSTEMPATH\Common.php(1178): CodeIgniter\View\View->render('showMessage', [], true)
 5 APPPATH\Controllers\Home.php(286): view('showMessage', [...])
 6 SYSTEMPATH\CodeIgniter.php(941): App\Controllers\Home->show('09952927249')
 7 SYSTEMPATH\CodeIgniter.php(502): CodeIgniter\CodeIgniter->runController(Object(App\Controllers\Home))
 8 SYSTEMPATH\CodeIgniter.php(361): CodeIgniter\CodeIgniter->handleRequest(null, Object(Config\Cache), false)
 9 FCPATH\index.php(82): CodeIgniter\CodeIgniter->run()
10 SYSTEMPATH\Commands\Server\rewrite.php(47): require_once('C:\\laragon\\www\\solarflood\\public\\index.php')
CRITICAL - 2024-08-16 02:29:58 --> ErrorException: Undefined array key "image"
in APPPATH\Views\sent_message.php on line 45.
 1 APPPATH\Views\sent_message.php(45): CodeIgniter\Debug\Exceptions->errorHandler(2, 'Undefined array key "image"', 'C:\\laragon\\www\\solarflood\\app\\Views\\sent_message.php', 45)
 2 SYSTEMPATH\View\View.php(228): include('C:\\laragon\\www\\solarflood\\app\\Views\\sent_message.php')
 3 SYSTEMPATH\View\View.php(231): CodeIgniter\View\View->CodeIgniter\View\{closure}()
 4 SYSTEMPATH\Common.php(1178): CodeIgniter\View\View->render('sent_message', [], true)
 5 APPPATH\Controllers\Home.php(302): view('sent_message', [...])
 6 SYSTEMPATH\CodeIgniter.php(941): App\Controllers\Home->sentMessage()
 7 SYSTEMPATH\CodeIgniter.php(502): CodeIgniter\CodeIgniter->runController(Object(App\Controllers\Home))
 8 SYSTEMPATH\CodeIgniter.php(361): CodeIgniter\CodeIgniter->handleRequest(null, Object(Config\Cache), false)
 9 FCPATH\index.php(82): CodeIgniter\CodeIgniter->run()
10 SYSTEMPATH\Commands\Server\rewrite.php(47): require_once('C:\\laragon\\www\\solarflood\\public\\index.php')
CRITICAL - 2024-08-16 02:33:22 --> ErrorException: Undefined variable $user
in APPPATH\Views\sent_message.php on line 45.
 1 APPPATH\Views\sent_message.php(45): CodeIgniter\Debug\Exceptions->errorHandler(2, 'Undefined variable $user', 'C:\\laragon\\www\\solarflood\\app\\Views\\sent_message.php', 45)
 2 SYSTEMPATH\View\View.php(228): include('C:\\laragon\\www\\solarflood\\app\\Views\\sent_message.php')
 3 SYSTEMPATH\View\View.php(231): CodeIgniter\View\View->CodeIgniter\View\{closure}()
 4 SYSTEMPATH\Common.php(1178): CodeIgniter\View\View->render('sent_message', [], true)
 5 APPPATH\Controllers\Home.php(328): view('sent_message')
 6 SYSTEMPATH\CodeIgniter.php(941): App\Controllers\Home->deleteSentMessage('132')
 7 SYSTEMPATH\CodeIgniter.php(502): CodeIgniter\CodeIgniter->runController(Object(App\Controllers\Home))
 8 SYSTEMPATH\CodeIgniter.php(361): CodeIgniter\CodeIgniter->handleRequest(null, Object(Config\Cache), false)
 9 FCPATH\index.php(82): CodeIgniter\CodeIgniter->run()
10 SYSTEMPATH\Commands\Server\rewrite.php(47): require_once('C:\\laragon\\www\\solarflood\\public\\index.php')
CRITICAL - 2024-08-16 03:18:33 --> ArgumentCountError: Too few arguments to function CodeIgniter\HTTP\RedirectResponse::to(), 0 passed in C:\laragon\www\solarflood\app\Controllers\Home.php on line 313 and at least 1 expected
in SYSTEMPATH\HTTP\RedirectResponse.php on line 34.
 1 APPPATH\Controllers\Home.php(313): CodeIgniter\HTTP\RedirectResponse->to()
 2 SYSTEMPATH\CodeIgniter.php(941): App\Controllers\Home->deleteMessage('11')
 3 SYSTEMPATH\CodeIgniter.php(502): CodeIgniter\CodeIgniter->runController(Object(App\Controllers\Home))
 4 SYSTEMPATH\CodeIgniter.php(361): CodeIgniter\CodeIgniter->handleRequest(null, Object(Config\Cache), false)
 5 FCPATH\index.php(82): CodeIgniter\CodeIgniter->run()
 6 SYSTEMPATH\Commands\Server\rewrite.php(47): require_once('C:\\laragon\\www\\solarflood\\public\\index.php')
CRITICAL - 2024-08-16 03:29:55 --> ErrorException: Undefined array key "image"
in APPPATH\Views\sidebar.php on line 9.
 1 APPPATH\Views\sidebar.php(9): CodeIgniter\Debug\Exceptions->errorHandler(2, 'Undefined array key "image"', 'C:\\laragon\\www\\solarflood\\app\\Views\\sidebar.php', 9)
 2 SYSTEMPATH\View\View.php(228): include('C:\\laragon\\www\\solarflood\\app\\Views\\sidebar.php')
 3 SYSTEMPATH\View\View.php(231): CodeIgniter\View\View->CodeIgniter\View\{closure}()
 4 SYSTEMPATH\View\View.php(469): CodeIgniter\View\View->render('sidebar', null, true)
 5 APPPATH\Views\contact.php(2): CodeIgniter\View\View->include('sidebar')
 6 SYSTEMPATH\View\View.php(228): include('C:\\laragon\\www\\solarflood\\app\\Views\\contact.php')
 7 SYSTEMPATH\View\View.php(231): CodeIgniter\View\View->CodeIgniter\View\{closure}()
 8 SYSTEMPATH\Common.php(1178): CodeIgniter\View\View->render('contact', [], true)
 9 APPPATH\Controllers\Home.php(155): view('contact', [...])
10 SYSTEMPATH\CodeIgniter.php(941): App\Controllers\Home->contact()
11 SYSTEMPATH\CodeIgniter.php(502): CodeIgniter\CodeIgniter->runController(Object(App\Controllers\Home))
12 SYSTEMPATH\CodeIgniter.php(361): CodeIgniter\CodeIgniter->handleRequest(null, Object(Config\Cache), false)
13 FCPATH\index.php(82): CodeIgniter\CodeIgniter->run()
14 SYSTEMPATH\Commands\Server\rewrite.php(47): require_once('C:\\laragon\\www\\solarflood\\public\\index.php')
