CRITICAL - 2024-09-28 03:17:23 --> ErrorException: Undefined variable $messages
in APPPATH\Views\navbar.php on line 17.
 1 APPPATH\Views\navbar.php(17): CodeIgniter\Debug\Exceptions->errorHandler(2, 'Undefined variable $messages', 'C:\\laragon\\www\\solarflood\\app\\Views\\navbar.php', 17)
 2 SYSTEMPATH\View\View.php(228): include('C:\\laragon\\www\\solarflood\\app\\Views\\navbar.php')
 3 SYSTEMPATH\View\View.php(231): CodeIgniter\View\View->CodeIgniter\View\{closure}()
 4 SYSTEMPATH\View\View.php(469): CodeIgniter\View\View->render('navbar', null, true)
 5 APPPATH\Views\contact.php(4): CodeIgniter\View\View->include('navbar')
 6 SYSTEMPATH\View\View.php(228): include('C:\\laragon\\www\\solarflood\\app\\Views\\contact.php')
 7 SYSTEMPATH\View\View.php(231): CodeIgniter\View\View->CodeIgniter\View\{closure}()
 8 SYSTEMPATH\Common.php(1178): CodeIgniter\View\View->render('contact', [], true)
 9 APPPATH\Controllers\Home.php(179): view('contact', [...])
10 SYSTEMPATH\CodeIgniter.php(941): App\Controllers\Home->contact()
11 SYSTEMPATH\CodeIgniter.php(502): CodeIgniter\CodeIgniter->runController(Object(App\Controllers\Home))
12 SYSTEMPATH\CodeIgniter.php(361): CodeIgniter\CodeIgniter->handleRequest(null, Object(Config\Cache), false)
13 FCPATH\index.php(82): CodeIgniter\CodeIgniter->run()
14 SYSTEMPATH\Commands\Server\rewrite.php(47): require_once('C:\\laragon\\www\\solarflood\\public\\index.php')
CRITICAL - 2024-09-28 03:19:08 --> TypeError: count(): Argument #1 ($value) must be of type Countable|array, null given
in APPPATH\Views\navbar.php on line 64.
 1 SYSTEMPATH\View\View.php(228): include()
 2 SYSTEMPATH\View\View.php(231): CodeIgniter\View\View->CodeIgniter\View\{closure}()
 3 SYSTEMPATH\View\View.php(469): CodeIgniter\View\View->render('navbar', null, true)
 4 APPPATH\Views\contact.php(4): CodeIgniter\View\View->include('navbar')
 5 SYSTEMPATH\View\View.php(228): include('C:\\laragon\\www\\solarflood\\app\\Views\\contact.php')
 6 SYSTEMPATH\View\View.php(231): CodeIgniter\View\View->CodeIgniter\View\{closure}()
 7 SYSTEMPATH\Common.php(1178): CodeIgniter\View\View->render('contact', [], true)
 8 APPPATH\Controllers\Home.php(181): view('contact', [...])
 9 SYSTEMPATH\CodeIgniter.php(941): App\Controllers\Home->contact()
10 SYSTEMPATH\CodeIgniter.php(502): CodeIgniter\CodeIgniter->runController(Object(App\Controllers\Home))
11 SYSTEMPATH\CodeIgniter.php(361): CodeIgniter\CodeIgniter->handleRequest(null, Object(Config\Cache), false)
12 FCPATH\index.php(82): CodeIgniter\CodeIgniter->run()
13 SYSTEMPATH\Commands\Server\rewrite.php(47): require_once('C:\\laragon\\www\\solarflood\\public\\index.php')
CRITICAL - 2024-09-28 03:19:08 --> [Caused by] ErrorException: Undefined variable $latestWaterLevel
in APPPATH\Views\navbar.php on line 64.
 1 APPPATH\Views\navbar.php(64): CodeIgniter\Debug\Exceptions->errorHandler(2, 'Undefined variable $latestWaterLevel', 'C:\\laragon\\www\\solarflood\\app\\Views\\navbar.php', 64)
 2 SYSTEMPATH\View\View.php(228): include('C:\\laragon\\www\\solarflood\\app\\Views\\navbar.php')
 3 SYSTEMPATH\View\View.php(231): CodeIgniter\View\View->CodeIgniter\View\{closure}()
 4 SYSTEMPATH\View\View.php(469): CodeIgniter\View\View->render('navbar', null, true)
 5 APPPATH\Views\contact.php(4): CodeIgniter\View\View->include('navbar')
 6 SYSTEMPATH\View\View.php(228): include('C:\\laragon\\www\\solarflood\\app\\Views\\contact.php')
 7 SYSTEMPATH\View\View.php(231): CodeIgniter\View\View->CodeIgniter\View\{closure}()
 8 SYSTEMPATH\Common.php(1178): CodeIgniter\View\View->render('contact', [], true)
 9 APPPATH\Controllers\Home.php(181): view('contact', [...])
10 SYSTEMPATH\CodeIgniter.php(941): App\Controllers\Home->contact()
11 SYSTEMPATH\CodeIgniter.php(502): CodeIgniter\CodeIgniter->runController(Object(App\Controllers\Home))
12 SYSTEMPATH\CodeIgniter.php(361): CodeIgniter\CodeIgniter->handleRequest(null, Object(Config\Cache), false)
13 FCPATH\index.php(82): CodeIgniter\CodeIgniter->run()
14 SYSTEMPATH\Commands\Server\rewrite.php(47): require_once('C:\\laragon\\www\\solarflood\\public\\index.php')
CRITICAL - 2024-09-28 03:39:01 --> TypeError: count(): Argument #1 ($value) must be of type Countable|array, null given
in APPPATH\Views\contact.php on line 67.
 1 SYSTEMPATH\View\View.php(228): include()
 2 SYSTEMPATH\View\View.php(231): CodeIgniter\View\View->CodeIgniter\View\{closure}()
 3 SYSTEMPATH\Common.php(1178): CodeIgniter\View\View->render('contact', [], true)
 4 APPPATH\Controllers\Home.php(187): view('contact', [...])
 5 SYSTEMPATH\CodeIgniter.php(941): App\Controllers\Home->contact()
 6 SYSTEMPATH\CodeIgniter.php(502): CodeIgniter\CodeIgniter->runController(Object(App\Controllers\Home))
 7 SYSTEMPATH\CodeIgniter.php(361): CodeIgniter\CodeIgniter->handleRequest(null, Object(Config\Cache), false)
 8 FCPATH\index.php(82): CodeIgniter\CodeIgniter->run()
 9 SYSTEMPATH\Commands\Server\rewrite.php(47): require_once('C:\\laragon\\www\\solarflood\\public\\index.php')
CRITICAL - 2024-09-28 03:39:01 --> [Caused by] ErrorException: Undefined variable $latestWaterLevel
in APPPATH\Views\contact.php on line 67.
 1 APPPATH\Views\contact.php(67): CodeIgniter\Debug\Exceptions->errorHandler(2, 'Undefined variable $latestWaterLevel', 'C:\\laragon\\www\\solarflood\\app\\Views\\contact.php', 67)
 2 SYSTEMPATH\View\View.php(228): include('C:\\laragon\\www\\solarflood\\app\\Views\\contact.php')
 3 SYSTEMPATH\View\View.php(231): CodeIgniter\View\View->CodeIgniter\View\{closure}()
 4 SYSTEMPATH\Common.php(1178): CodeIgniter\View\View->render('contact', [], true)
 5 APPPATH\Controllers\Home.php(187): view('contact', [...])
 6 SYSTEMPATH\CodeIgniter.php(941): App\Controllers\Home->contact()
 7 SYSTEMPATH\CodeIgniter.php(502): CodeIgniter\CodeIgniter->runController(Object(App\Controllers\Home))
 8 SYSTEMPATH\CodeIgniter.php(361): CodeIgniter\CodeIgniter->handleRequest(null, Object(Config\Cache), false)
 9 FCPATH\index.php(82): CodeIgniter\CodeIgniter->run()
10 SYSTEMPATH\Commands\Server\rewrite.php(47): require_once('C:\\laragon\\www\\solarflood\\public\\index.php')
