CRITICAL - 2024-04-15 08:56:37 --> ErrorException: Undefined array key "0.00"
in APPPATH\Controllers\Home.php on line 34.
 1 APPPATH\Controllers\Home.php(34): CodeIgniter\Debug\Exceptions->errorHandler(2, 'Undefined array key "0.00"', 'C:\\laragon\\www\\solarflood\\app\\Controllers\\Home.php', 34)
 2 SYSTEMPATH\CodeIgniter.php(941): App\Controllers\Home->index()
 3 SYSTEMPATH\CodeIgniter.php(502): CodeIgniter\CodeIgniter->runController(Object(App\Controllers\Home))
 4 SYSTEMPATH\CodeIgniter.php(361): CodeIgniter\CodeIgniter->handleRequest(null, Object(Config\Cache), false)
 5 FCPATH\index.php(79): CodeIgniter\CodeIgniter->run()
 6 SYSTEMPATH\Commands\Server\rewrite.php(47): require_once('C:\\laragon\\www\\solarflood\\public\\index.php')
CRITICAL - 2024-04-15 08:58:22 --> ErrorException: Undefined array key "0.00"
in APPPATH\Controllers\Home.php on line 34.
 1 APPPATH\Controllers\Home.php(34): CodeIgniter\Debug\Exceptions->errorHandler(2, 'Undefined array key "0.00"', 'C:\\laragon\\www\\solarflood\\app\\Controllers\\Home.php', 34)
 2 SYSTEMPATH\CodeIgniter.php(941): App\Controllers\Home->index()
 3 SYSTEMPATH\CodeIgniter.php(502): CodeIgniter\CodeIgniter->runController(Object(App\Controllers\Home))
 4 SYSTEMPATH\CodeIgniter.php(361): CodeIgniter\CodeIgniter->handleRequest(null, Object(Config\Cache), false)
 5 FCPATH\index.php(79): CodeIgniter\CodeIgniter->run()
 6 SYSTEMPATH\Commands\Server\rewrite.php(47): require_once('C:\\laragon\\www\\solarflood\\public\\index.php')
CRITICAL - 2024-04-15 15:22:47 --> ErrorException: Undefined array key "duration"
in APPPATH\Controllers\Home.php on line 227.
 1 APPPATH\Controllers\Home.php(227): CodeIgniter\Debug\Exceptions->errorHandler(2, 'Undefined array key "duration"', 'C:\\laragon\\www\\solarflood\\app\\Controllers\\Home.php', 227)
 2 SYSTEMPATH\CodeIgniter.php(941): App\Controllers\Home->filterRainfall()
 3 SYSTEMPATH\CodeIgniter.php(502): CodeIgniter\CodeIgniter->runController(Object(App\Controllers\Home))
 4 SYSTEMPATH\CodeIgniter.php(361): CodeIgniter\CodeIgniter->handleRequest(null, Object(Config\Cache), false)
 5 FCPATH\index.php(79): CodeIgniter\CodeIgniter->run()
 6 SYSTEMPATH\Commands\Server\rewrite.php(47): require_once('C:\\laragon\\www\\solarflood\\public\\index.php')
CRITICAL - 2024-04-15 15:23:16 --> ErrorException: Undefined array key "duration"
in APPPATH\Controllers\Home.php on line 227.
 1 APPPATH\Controllers\Home.php(227): CodeIgniter\Debug\Exceptions->errorHandler(2, 'Undefined array key "duration"', 'C:\\laragon\\www\\solarflood\\app\\Controllers\\Home.php', 227)
 2 SYSTEMPATH\CodeIgniter.php(941): App\Controllers\Home->filterRainfall()
 3 SYSTEMPATH\CodeIgniter.php(502): CodeIgniter\CodeIgniter->runController(Object(App\Controllers\Home))
 4 SYSTEMPATH\CodeIgniter.php(361): CodeIgniter\CodeIgniter->handleRequest(null, Object(Config\Cache), false)
 5 FCPATH\index.php(79): CodeIgniter\CodeIgniter->run()
 6 SYSTEMPATH\Commands\Server\rewrite.php(47): require_once('C:\\laragon\\www\\solarflood\\public\\index.php')
CRITICAL - 2024-04-15 15:23:19 --> ErrorException: Undefined array key "duration"
in APPPATH\Controllers\Home.php on line 227.
 1 APPPATH\Controllers\Home.php(227): CodeIgniter\Debug\Exceptions->errorHandler(2, 'Undefined array key "duration"', 'C:\\laragon\\www\\solarflood\\app\\Controllers\\Home.php', 227)
 2 SYSTEMPATH\CodeIgniter.php(941): App\Controllers\Home->filterRainfall()
 3 SYSTEMPATH\CodeIgniter.php(502): CodeIgniter\CodeIgniter->runController(Object(App\Controllers\Home))
 4 SYSTEMPATH\CodeIgniter.php(361): CodeIgniter\CodeIgniter->handleRequest(null, Object(Config\Cache), false)
 5 FCPATH\index.php(79): CodeIgniter\CodeIgniter->run()
 6 SYSTEMPATH\Commands\Server\rewrite.php(47): require_once('C:\\laragon\\www\\solarflood\\public\\index.php')
CRITICAL - 2024-04-15 15:23:57 --> ErrorException: Undefined array key "duration"
in APPPATH\Controllers\Home.php on line 227.
 1 APPPATH\Controllers\Home.php(227): CodeIgniter\Debug\Exceptions->errorHandler(2, 'Undefined array key "duration"', 'C:\\laragon\\www\\solarflood\\app\\Controllers\\Home.php', 227)
 2 SYSTEMPATH\CodeIgniter.php(941): App\Controllers\Home->filterRainfall()
 3 SYSTEMPATH\CodeIgniter.php(502): CodeIgniter\CodeIgniter->runController(Object(App\Controllers\Home))
 4 SYSTEMPATH\CodeIgniter.php(361): CodeIgniter\CodeIgniter->handleRequest(null, Object(Config\Cache), false)
 5 FCPATH\index.php(79): CodeIgniter\CodeIgniter->run()
 6 SYSTEMPATH\Commands\Server\rewrite.php(47): require_once('C:\\laragon\\www\\solarflood\\public\\index.php')
