CRITICAL - 2024-10-09 14:24:18 --> ErrorException: Undefined array key 0
in APPPATH\Controllers\Home.php on line 410.
 1 APPPATH\Controllers\Home.php(410): CodeIgniter\Debug\Exceptions->errorHandler(2, 'Undefined array key 0', 'C:\\laragon\\www\\solarflood\\app\\Controllers\\Home.php', 410)
 2 SYSTEMPATH\CodeIgniter.php(941): App\Controllers\Home->adminSignin()
 3 SYSTEMPATH\CodeIgniter.php(502): CodeIgniter\CodeIgniter->runController(Object(App\Controllers\Home))
 4 SYSTEMPATH\CodeIgniter.php(361): CodeIgniter\CodeIgniter->handleRequest(null, Object(Config\Cache), false)
 5 FCPATH\index.php(82): CodeIgniter\CodeIgniter->run()
 6 SYSTEMPATH\Commands\Server\rewrite.php(47): require_once('C:\\laragon\\www\\solarflood\\public\\index.php')
CRITICAL - 2024-10-09 15:33:25 --> CodeIgniter\View\Exceptions\ViewException: Invalid file: "user.php"
in SYSTEMPATH\Exceptions\FrameworkException.php on line 39.
 1 SYSTEMPATH\View\View.php(216): CodeIgniter\Exceptions\FrameworkException::forInvalidFile('user.php')
 2 SYSTEMPATH\Common.php(1178): CodeIgniter\View\View->render('user', [], true)
 3 APPPATH\Controllers\Home.php(397): view('user', [...])
 4 SYSTEMPATH\CodeIgniter.php(941): App\Controllers\Home->getUser()
 5 SYSTEMPATH\CodeIgniter.php(502): CodeIgniter\CodeIgniter->runController(Object(App\Controllers\Home))
 6 SYSTEMPATH\CodeIgniter.php(361): CodeIgniter\CodeIgniter->handleRequest(null, Object(Config\Cache), false)
 7 FCPATH\index.php(82): CodeIgniter\CodeIgniter->run()
 8 SYSTEMPATH\Commands\Server\rewrite.php(47): require_once('C:\\laragon\\www\\solarflood\\public\\index.php')
CRITICAL - 2024-10-09 15:34:17 --> ErrorException: Undefined variable $user
in APPPATH\Views\sidebar.php on line 14.
 1 APPPATH\Views\sidebar.php(14): CodeIgniter\Debug\Exceptions->errorHandler(2, 'Undefined variable $user', 'C:\\laragon\\www\\solarflood\\app\\Views\\sidebar.php', 14)
 2 SYSTEMPATH\View\View.php(228): include('C:\\laragon\\www\\solarflood\\app\\Views\\sidebar.php')
 3 SYSTEMPATH\View\View.php(231): CodeIgniter\View\View->CodeIgniter\View\{closure}()
 4 SYSTEMPATH\View\View.php(469): CodeIgniter\View\View->render('sidebar', null, true)
 5 APPPATH\Views\user_list.php(2): CodeIgniter\View\View->include('sidebar')
 6 SYSTEMPATH\View\View.php(228): include('C:\\laragon\\www\\solarflood\\app\\Views\\user_list.php')
 7 SYSTEMPATH\View\View.php(231): CodeIgniter\View\View->CodeIgniter\View\{closure}()
 8 SYSTEMPATH\Common.php(1178): CodeIgniter\View\View->render('user_list', [], true)
 9 APPPATH\Controllers\Home.php(397): view('user_list', [...])
10 SYSTEMPATH\CodeIgniter.php(941): App\Controllers\Home->getUser()
11 SYSTEMPATH\CodeIgniter.php(502): CodeIgniter\CodeIgniter->runController(Object(App\Controllers\Home))
12 SYSTEMPATH\CodeIgniter.php(361): CodeIgniter\CodeIgniter->handleRequest(null, Object(Config\Cache), false)
13 FCPATH\index.php(82): CodeIgniter\CodeIgniter->run()
14 SYSTEMPATH\Commands\Server\rewrite.php(47): require_once('C:\\laragon\\www\\solarflood\\public\\index.php')
CRITICAL - 2024-10-09 15:38:23 --> ErrorException: Undefined variable $user
in APPPATH\Controllers\Home.php on line 401.
 1 APPPATH\Controllers\Home.php(401): CodeIgniter\Debug\Exceptions->errorHandler(2, 'Undefined variable $user', 'C:\\laragon\\www\\solarflood\\app\\Controllers\\Home.php', 401)
 2 SYSTEMPATH\CodeIgniter.php(941): App\Controllers\Home->getUser()
 3 SYSTEMPATH\CodeIgniter.php(502): CodeIgniter\CodeIgniter->runController(Object(App\Controllers\Home))
 4 SYSTEMPATH\CodeIgniter.php(361): CodeIgniter\CodeIgniter->handleRequest(null, Object(Config\Cache), false)
 5 FCPATH\index.php(82): CodeIgniter\CodeIgniter->run()
 6 SYSTEMPATH\Commands\Server\rewrite.php(47): require_once('C:\\laragon\\www\\solarflood\\public\\index.php')
CRITICAL - 2024-10-09 15:39:10 --> ErrorException: Undefined variable $userModel
in APPPATH\Controllers\Home.php on line 397.
 1 APPPATH\Controllers\Home.php(397): CodeIgniter\Debug\Exceptions->errorHandler(2, 'Undefined variable $userModel', 'C:\\laragon\\www\\solarflood\\app\\Controllers\\Home.php', 397)
 2 SYSTEMPATH\CodeIgniter.php(941): App\Controllers\Home->getUser()
 3 SYSTEMPATH\CodeIgniter.php(502): CodeIgniter\CodeIgniter->runController(Object(App\Controllers\Home))
 4 SYSTEMPATH\CodeIgniter.php(361): CodeIgniter\CodeIgniter->handleRequest(null, Object(Config\Cache), false)
 5 FCPATH\index.php(82): CodeIgniter\CodeIgniter->run()
 6 SYSTEMPATH\Commands\Server\rewrite.php(47): require_once('C:\\laragon\\www\\solarflood\\public\\index.php')
CRITICAL - 2024-10-09 15:39:21 --> ErrorException: Undefined variable $messages
in APPPATH\Views\navbar.php on line 17.
 1 APPPATH\Views\navbar.php(17): CodeIgniter\Debug\Exceptions->errorHandler(2, 'Undefined variable $messages', 'C:\\laragon\\www\\solarflood\\app\\Views\\navbar.php', 17)
 2 SYSTEMPATH\View\View.php(228): include('C:\\laragon\\www\\solarflood\\app\\Views\\navbar.php')
 3 SYSTEMPATH\View\View.php(231): CodeIgniter\View\View->CodeIgniter\View\{closure}()
 4 SYSTEMPATH\View\View.php(469): CodeIgniter\View\View->render('navbar', null, true)
 5 APPPATH\Views\user_list.php(5): CodeIgniter\View\View->include('navbar')
 6 SYSTEMPATH\View\View.php(228): include('C:\\laragon\\www\\solarflood\\app\\Views\\user_list.php')
 7 SYSTEMPATH\View\View.php(231): CodeIgniter\View\View->CodeIgniter\View\{closure}()
 8 SYSTEMPATH\Common.php(1178): CodeIgniter\View\View->render('user_list', [], true)
 9 APPPATH\Controllers\Home.php(402): view('user_list', [...])
10 SYSTEMPATH\CodeIgniter.php(941): App\Controllers\Home->getUser()
11 SYSTEMPATH\CodeIgniter.php(502): CodeIgniter\CodeIgniter->runController(Object(App\Controllers\Home))
12 SYSTEMPATH\CodeIgniter.php(361): CodeIgniter\CodeIgniter->handleRequest(null, Object(Config\Cache), false)
13 FCPATH\index.php(82): CodeIgniter\CodeIgniter->run()
14 SYSTEMPATH\Commands\Server\rewrite.php(47): require_once('C:\\laragon\\www\\solarflood\\public\\index.php')
CRITICAL - 2024-10-09 15:39:44 --> ErrorException: Undefined variable $messages
in APPPATH\Views\navbar.php on line 17.
 1 APPPATH\Views\navbar.php(17): CodeIgniter\Debug\Exceptions->errorHandler(2, 'Undefined variable $messages', 'C:\\laragon\\www\\solarflood\\app\\Views\\navbar.php', 17)
 2 SYSTEMPATH\View\View.php(228): include('C:\\laragon\\www\\solarflood\\app\\Views\\navbar.php')
 3 SYSTEMPATH\View\View.php(231): CodeIgniter\View\View->CodeIgniter\View\{closure}()
 4 SYSTEMPATH\View\View.php(469): CodeIgniter\View\View->render('navbar', null, true)
 5 APPPATH\Views\user_list.php(5): CodeIgniter\View\View->include('navbar')
 6 SYSTEMPATH\View\View.php(228): include('C:\\laragon\\www\\solarflood\\app\\Views\\user_list.php')
 7 SYSTEMPATH\View\View.php(231): CodeIgniter\View\View->CodeIgniter\View\{closure}()
 8 SYSTEMPATH\Common.php(1178): CodeIgniter\View\View->render('user_list', [], true)
 9 APPPATH\Controllers\Home.php(404): view('user_list', [...])
10 SYSTEMPATH\CodeIgniter.php(941): App\Controllers\Home->getUser()
11 SYSTEMPATH\CodeIgniter.php(502): CodeIgniter\CodeIgniter->runController(Object(App\Controllers\Home))
12 SYSTEMPATH\CodeIgniter.php(361): CodeIgniter\CodeIgniter->handleRequest(null, Object(Config\Cache), false)
13 FCPATH\index.php(82): CodeIgniter\CodeIgniter->run()
14 SYSTEMPATH\Commands\Server\rewrite.php(47): require_once('C:\\laragon\\www\\solarflood\\public\\index.php')
CRITICAL - 2024-10-09 15:40:04 --> TypeError: Cannot access offset of type string on string
in APPPATH\Views\user_list.php on line 25.
 1 SYSTEMPATH\View\View.php(228): include()
 2 SYSTEMPATH\View\View.php(231): CodeIgniter\View\View->CodeIgniter\View\{closure}()
 3 SYSTEMPATH\Common.php(1178): CodeIgniter\View\View->render('user_list', [], true)
 4 APPPATH\Controllers\Home.php(406): view('user_list', [...])
 5 SYSTEMPATH\CodeIgniter.php(941): App\Controllers\Home->getUser()
 6 SYSTEMPATH\CodeIgniter.php(502): CodeIgniter\CodeIgniter->runController(Object(App\Controllers\Home))
 7 SYSTEMPATH\CodeIgniter.php(361): CodeIgniter\CodeIgniter->handleRequest(null, Object(Config\Cache), false)
 8 FCPATH\index.php(82): CodeIgniter\CodeIgniter->run()
 9 SYSTEMPATH\Commands\Server\rewrite.php(47): require_once('C:\\laragon\\www\\solarflood\\public\\index.php')
