CRITICAL - 2024-05-10 13:49:18 --> Error: Class "App\Controllers\MessageModel" not found
in APPPATH\Controllers\Home.php on line 139.
 1 SYSTEMPATH\CodeIgniter.php(941): App\Controllers\Home->message()
 2 SYSTEMPATH\CodeIgniter.php(502): CodeIgniter\CodeIgniter->runController(Object(App\Controllers\Home))
 3 SYSTEMPATH\CodeIgniter.php(361): CodeIgniter\CodeIgniter->handleRequest(null, Object(Config\Cache), false)
 4 FCPATH\index.php(79): CodeIgniter\CodeIgniter->run()
 5 SYSTEMPATH\Commands\Server\rewrite.php(47): require_once('C:\\laragon\\www\\solarflood\\public\\index.php')
CRITICAL - 2024-05-10 13:49:54 --> Error: Class "App\Models\SentMessageModel" not found
in APPPATH\Controllers\Home.php on line 139.
 1 SYSTEMPATH\CodeIgniter.php(941): App\Controllers\Home->message()
 2 SYSTEMPATH\CodeIgniter.php(502): CodeIgniter\CodeIgniter->runController(Object(App\Controllers\Home))
 3 SYSTEMPATH\CodeIgniter.php(361): CodeIgniter\CodeIgniter->handleRequest(null, Object(Config\Cache), false)
 4 FCPATH\index.php(79): CodeIgniter\CodeIgniter->run()
 5 SYSTEMPATH\Commands\Server\rewrite.php(47): require_once('C:\\laragon\\www\\solarflood\\public\\index.php')
CRITICAL - 2024-05-10 13:50:40 --> Error: Class "App\Models\SentMessageModel" not found
in APPPATH\Controllers\Home.php on line 139.
 1 SYSTEMPATH\CodeIgniter.php(941): App\Controllers\Home->message()
 2 SYSTEMPATH\CodeIgniter.php(502): CodeIgniter\CodeIgniter->runController(Object(App\Controllers\Home))
 3 SYSTEMPATH\CodeIgniter.php(361): CodeIgniter\CodeIgniter->handleRequest(null, Object(Config\Cache), false)
 4 FCPATH\index.php(79): CodeIgniter\CodeIgniter->run()
 5 SYSTEMPATH\Commands\Server\rewrite.php(47): require_once('C:\\laragon\\www\\solarflood\\public\\index.php')
CRITICAL - 2024-05-10 13:56:11 --> ErrorException: Undefined variable $messages
in APPPATH\Views\dashboard.php on line 34.
 1 APPPATH\Views\dashboard.php(34): CodeIgniter\Debug\Exceptions->errorHandler(2, 'Undefined variable $messages', 'C:\\laragon\\www\\solarflood\\app\\Views\\dashboard.php', 34)
 2 SYSTEMPATH\View\View.php(228): include('C:\\laragon\\www\\solarflood\\app\\Views\\dashboard.php')
 3 SYSTEMPATH\View\View.php(231): CodeIgniter\View\View->CodeIgniter\View\{closure}()
 4 SYSTEMPATH\Common.php(1178): CodeIgniter\View\View->render('dashboard', [], true)
 5 APPPATH\Controllers\Home.php(42): view('dashboard', [...])
 6 SYSTEMPATH\CodeIgniter.php(941): App\Controllers\Home->index()
 7 SYSTEMPATH\CodeIgniter.php(502): CodeIgniter\CodeIgniter->runController(Object(App\Controllers\Home))
 8 SYSTEMPATH\CodeIgniter.php(361): CodeIgniter\CodeIgniter->handleRequest(null, Object(Config\Cache), false)
 9 FCPATH\index.php(79): CodeIgniter\CodeIgniter->run()
10 SYSTEMPATH\Commands\Server\rewrite.php(47): require_once('C:\\laragon\\www\\solarflood\\public\\index.php')
CRITICAL - 2024-05-10 14:11:07 --> BadMethodCallException: Call to undefined method App\Models\ReceiveMessageModel::getLastThreeMessages
in SYSTEMPATH\Model.php on line 874.
 1 APPPATH\Controllers\Home.php(45): CodeIgniter\Model->__call('getLastThreeMessages', [])
 2 SYSTEMPATH\CodeIgniter.php(941): App\Controllers\Home->index()
 3 SYSTEMPATH\CodeIgniter.php(502): CodeIgniter\CodeIgniter->runController(Object(App\Controllers\Home))
 4 SYSTEMPATH\CodeIgniter.php(361): CodeIgniter\CodeIgniter->handleRequest(null, Object(Config\Cache), false)
 5 FCPATH\index.php(79): CodeIgniter\CodeIgniter->run()
 6 SYSTEMPATH\Commands\Server\rewrite.php(47): require_once('C:\\laragon\\www\\solarflood\\public\\index.php')
CRITICAL - 2024-05-10 14:11:36 --> Error: Call to undefined function App\Controllers\getLastThreeMessages()
in APPPATH\Controllers\Home.php on line 45.
 1 SYSTEMPATH\CodeIgniter.php(941): App\Controllers\Home->index()
 2 SYSTEMPATH\CodeIgniter.php(502): CodeIgniter\CodeIgniter->runController(Object(App\Controllers\Home))
 3 SYSTEMPATH\CodeIgniter.php(361): CodeIgniter\CodeIgniter->handleRequest(null, Object(Config\Cache), false)
 4 FCPATH\index.php(79): CodeIgniter\CodeIgniter->run()
 5 SYSTEMPATH\Commands\Server\rewrite.php(47): require_once('C:\\laragon\\www\\solarflood\\public\\index.php')
ERROR - 2024-05-10 14:14:45 --> mysqli_sql_exception: Unknown column 'created_at' in 'order clause' in C:\laragon\www\solarflood\system\Database\MySQLi\Connection.php:306
Stack trace:
#0 C:\laragon\www\solarflood\system\Database\MySQLi\Connection.php(306): mysqli->query('SELECT *\nFROM `...', 0)
#1 C:\laragon\www\solarflood\system\Database\BaseConnection.php(693): CodeIgniter\Database\MySQLi\Connection->execute('SELECT *\nFROM `...')
#2 C:\laragon\www\solarflood\system\Database\BaseConnection.php(607): CodeIgniter\Database\BaseConnection->simpleQuery('SELECT *\nFROM `...')
#3 C:\laragon\www\solarflood\system\Database\BaseBuilder.php(1613): CodeIgniter\Database\BaseConnection->query('SELECT *\nFROM `...', Array, false)
#4 C:\laragon\www\solarflood\system\Model.php(242): CodeIgniter\Database\BaseBuilder->get()
#5 C:\laragon\www\solarflood\system\BaseModel.php(638): CodeIgniter\Model->doFindAll(0, 0)
#6 C:\laragon\www\solarflood\app\Controllers\Home.php(55): CodeIgniter\BaseModel->findAll()
#7 C:\laragon\www\solarflood\app\Controllers\Home.php(44): App\Controllers\Home->getLastThreeMessages()
#8 C:\laragon\www\solarflood\system\CodeIgniter.php(941): App\Controllers\Home->index()
#9 C:\laragon\www\solarflood\system\CodeIgniter.php(502): CodeIgniter\CodeIgniter->runController(Object(App\Controllers\Home))
#10 C:\laragon\www\solarflood\system\CodeIgniter.php(361): CodeIgniter\CodeIgniter->handleRequest(NULL, Object(Config\Cache), false)
#11 C:\laragon\www\solarflood\public\index.php(79): CodeIgniter\CodeIgniter->run()
#12 C:\laragon\www\solarflood\system\Commands\Server\rewrite.php(47): require_once('C:\\laragon\\www\\...')
#13 {main}
CRITICAL - 2024-05-10 14:14:45 --> CodeIgniter\Database\Exceptions\DatabaseException: Unknown column 'created_at' in 'order clause'
in SYSTEMPATH\Database\BaseConnection.php on line 647.
 1 SYSTEMPATH\Database\BaseBuilder.php(1613): CodeIgniter\Database\BaseConnection->query('SELECT *
FROM `receive_message`
ORDER BY `created_at` DESC', [], false)
 2 SYSTEMPATH\Model.php(242): CodeIgniter\Database\BaseBuilder->get()
 3 SYSTEMPATH\BaseModel.php(638): CodeIgniter\Model->doFindAll(0, 0)
 4 APPPATH\Controllers\Home.php(55): CodeIgniter\BaseModel->findAll()
 5 APPPATH\Controllers\Home.php(44): App\Controllers\Home->getLastThreeMessages()
 6 SYSTEMPATH\CodeIgniter.php(941): App\Controllers\Home->index()
 7 SYSTEMPATH\CodeIgniter.php(502): CodeIgniter\CodeIgniter->runController(Object(App\Controllers\Home))
 8 SYSTEMPATH\CodeIgniter.php(361): CodeIgniter\CodeIgniter->handleRequest(null, Object(Config\Cache), false)
 9 FCPATH\index.php(79): CodeIgniter\CodeIgniter->run()
10 SYSTEMPATH\Commands\Server\rewrite.php(47): require_once('C:\\laragon\\www\\solarflood\\public\\index.php')
CRITICAL - 2024-05-10 14:14:45 --> [Caused by] CodeIgniter\Database\Exceptions\DatabaseException: Unknown column 'created_at' in 'order clause'
in SYSTEMPATH\Database\MySQLi\Connection.php on line 311.
 1 SYSTEMPATH\Database\BaseConnection.php(693): CodeIgniter\Database\MySQLi\Connection->execute('SELECT *
FROM `receive_message`
ORDER BY `created_at` DESC')
 2 SYSTEMPATH\Database\BaseConnection.php(607): CodeIgniter\Database\BaseConnection->simpleQuery('SELECT *
FROM `receive_message`
ORDER BY `created_at` DESC')
 3 SYSTEMPATH\Database\BaseBuilder.php(1613): CodeIgniter\Database\BaseConnection->query('SELECT *
FROM `receive_message`
ORDER BY `created_at` DESC', [], false)
 4 SYSTEMPATH\Model.php(242): CodeIgniter\Database\BaseBuilder->get()
 5 SYSTEMPATH\BaseModel.php(638): CodeIgniter\Model->doFindAll(0, 0)
 6 APPPATH\Controllers\Home.php(55): CodeIgniter\BaseModel->findAll()
 7 APPPATH\Controllers\Home.php(44): App\Controllers\Home->getLastThreeMessages()
 8 SYSTEMPATH\CodeIgniter.php(941): App\Controllers\Home->index()
 9 SYSTEMPATH\CodeIgniter.php(502): CodeIgniter\CodeIgniter->runController(Object(App\Controllers\Home))
10 SYSTEMPATH\CodeIgniter.php(361): CodeIgniter\CodeIgniter->handleRequest(null, Object(Config\Cache), false)
11 FCPATH\index.php(79): CodeIgniter\CodeIgniter->run()
12 SYSTEMPATH\Commands\Server\rewrite.php(47): require_once('C:\\laragon\\www\\solarflood\\public\\index.php')
CRITICAL - 2024-05-10 14:14:45 --> [Caused by] mysqli_sql_exception: Unknown column 'created_at' in 'order clause'
in SYSTEMPATH\Database\MySQLi\Connection.php on line 306.
 1 SYSTEMPATH\Database\MySQLi\Connection.php(306): mysqli->query('SELECT *
FROM `receive_message`
ORDER BY `created_at` DESC', 0)
 2 SYSTEMPATH\Database\BaseConnection.php(693): CodeIgniter\Database\MySQLi\Connection->execute('SELECT *
FROM `receive_message`
ORDER BY `created_at` DESC')
 3 SYSTEMPATH\Database\BaseConnection.php(607): CodeIgniter\Database\BaseConnection->simpleQuery('SELECT *
FROM `receive_message`
ORDER BY `created_at` DESC')
 4 SYSTEMPATH\Database\BaseBuilder.php(1613): CodeIgniter\Database\BaseConnection->query('SELECT *
FROM `receive_message`
ORDER BY `created_at` DESC', [], false)
 5 SYSTEMPATH\Model.php(242): CodeIgniter\Database\BaseBuilder->get()
 6 SYSTEMPATH\BaseModel.php(638): CodeIgniter\Model->doFindAll(0, 0)
 7 APPPATH\Controllers\Home.php(55): CodeIgniter\BaseModel->findAll()
 8 APPPATH\Controllers\Home.php(44): App\Controllers\Home->getLastThreeMessages()
 9 SYSTEMPATH\CodeIgniter.php(941): App\Controllers\Home->index()
10 SYSTEMPATH\CodeIgniter.php(502): CodeIgniter\CodeIgniter->runController(Object(App\Controllers\Home))
11 SYSTEMPATH\CodeIgniter.php(361): CodeIgniter\CodeIgniter->handleRequest(null, Object(Config\Cache), false)
12 FCPATH\index.php(79): CodeIgniter\CodeIgniter->run()
13 SYSTEMPATH\Commands\Server\rewrite.php(47): require_once('C:\\laragon\\www\\solarflood\\public\\index.php')
CRITICAL - 2024-05-10 14:18:58 --> ErrorException: Undefined array key "subject"
in APPPATH\Views\dashboard.php on line 38.
 1 APPPATH\Views\dashboard.php(38): CodeIgniter\Debug\Exceptions->errorHandler(2, 'Undefined array key "subject"', 'C:\\laragon\\www\\solarflood\\app\\Views\\dashboard.php', 38)
 2 SYSTEMPATH\View\View.php(228): include('C:\\laragon\\www\\solarflood\\app\\Views\\dashboard.php')
 3 SYSTEMPATH\View\View.php(231): CodeIgniter\View\View->CodeIgniter\View\{closure}()
 4 SYSTEMPATH\Common.php(1178): CodeIgniter\View\View->render('dashboard', [], true)
 5 APPPATH\Controllers\Home.php(46): view('dashboard', [...])
 6 SYSTEMPATH\CodeIgniter.php(941): App\Controllers\Home->index()
 7 SYSTEMPATH\CodeIgniter.php(502): CodeIgniter\CodeIgniter->runController(Object(App\Controllers\Home))
 8 SYSTEMPATH\CodeIgniter.php(361): CodeIgniter\CodeIgniter->handleRequest(null, Object(Config\Cache), false)
 9 FCPATH\index.php(79): CodeIgniter\CodeIgniter->run()
10 SYSTEMPATH\Commands\Server\rewrite.php(47): require_once('C:\\laragon\\www\\solarflood\\public\\index.php')
CRITICAL - 2024-05-10 14:22:03 --> ErrorException: Undefined array key "is_read"
in APPPATH\Views\dashboard.php on line 32.
 1 APPPATH\Views\dashboard.php(32): CodeIgniter\Debug\Exceptions->errorHandler(2, 'Undefined array key "is_read"', 'C:\\laragon\\www\\solarflood\\app\\Views\\dashboard.php', 32)
 2 SYSTEMPATH\View\View.php(228): include('C:\\laragon\\www\\solarflood\\app\\Views\\dashboard.php')
 3 SYSTEMPATH\View\View.php(231): CodeIgniter\View\View->CodeIgniter\View\{closure}()
 4 SYSTEMPATH\Common.php(1178): CodeIgniter\View\View->render('dashboard', [], true)
 5 APPPATH\Controllers\Home.php(46): view('dashboard', [...])
 6 SYSTEMPATH\CodeIgniter.php(941): App\Controllers\Home->index()
 7 SYSTEMPATH\CodeIgniter.php(502): CodeIgniter\CodeIgniter->runController(Object(App\Controllers\Home))
 8 SYSTEMPATH\CodeIgniter.php(361): CodeIgniter\CodeIgniter->handleRequest(null, Object(Config\Cache), false)
 9 FCPATH\index.php(79): CodeIgniter\CodeIgniter->run()
10 SYSTEMPATH\Commands\Server\rewrite.php(47): require_once('C:\\laragon\\www\\solarflood\\public\\index.php')
CRITICAL - 2024-05-10 14:42:56 --> Error: Call to undefined method App\Controllers\Home::getLatestWaterLevel()
in APPPATH\Controllers\Home.php on line 46.
 1 SYSTEMPATH\CodeIgniter.php(941): App\Controllers\Home->index()
 2 SYSTEMPATH\CodeIgniter.php(502): CodeIgniter\CodeIgniter->runController(Object(App\Controllers\Home))
 3 SYSTEMPATH\CodeIgniter.php(361): CodeIgniter\CodeIgniter->handleRequest(null, Object(Config\Cache), false)
 4 FCPATH\index.php(79): CodeIgniter\CodeIgniter->run()
 5 SYSTEMPATH\Commands\Server\rewrite.php(47): require_once('C:\\laragon\\www\\solarflood\\public\\index.php')
CRITICAL - 2024-05-10 14:44:05 --> ErrorException: Undefined array key "water_level"
in APPPATH\Views\dashboard.php on line 73.
 1 APPPATH\Views\dashboard.php(73): CodeIgniter\Debug\Exceptions->errorHandler(2, 'Undefined array key "water_level"', 'C:\\laragon\\www\\solarflood\\app\\Views\\dashboard.php', 73)
 2 SYSTEMPATH\View\View.php(228): include('C:\\laragon\\www\\solarflood\\app\\Views\\dashboard.php')
 3 SYSTEMPATH\View\View.php(231): CodeIgniter\View\View->CodeIgniter\View\{closure}()
 4 SYSTEMPATH\Common.php(1178): CodeIgniter\View\View->render('dashboard', [], true)
 5 APPPATH\Controllers\Home.php(53): view('dashboard', [...])
 6 SYSTEMPATH\CodeIgniter.php(941): App\Controllers\Home->index()
 7 SYSTEMPATH\CodeIgniter.php(502): CodeIgniter\CodeIgniter->runController(Object(App\Controllers\Home))
 8 SYSTEMPATH\CodeIgniter.php(361): CodeIgniter\CodeIgniter->handleRequest(null, Object(Config\Cache), false)
 9 FCPATH\index.php(79): CodeIgniter\CodeIgniter->run()
10 SYSTEMPATH\Commands\Server\rewrite.php(47): require_once('C:\\laragon\\www\\solarflood\\public\\index.php')
CRITICAL - 2024-05-10 14:46:28 --> Error: Call to undefined method App\Controllers\Home::getLatestWaterLevel()
in APPPATH\Controllers\Home.php on line 46.
 1 SYSTEMPATH\CodeIgniter.php(941): App\Controllers\Home->index()
 2 SYSTEMPATH\CodeIgniter.php(502): CodeIgniter\CodeIgniter->runController(Object(App\Controllers\Home))
 3 SYSTEMPATH\CodeIgniter.php(361): CodeIgniter\CodeIgniter->handleRequest(null, Object(Config\Cache), false)
 4 FCPATH\index.php(79): CodeIgniter\CodeIgniter->run()
 5 SYSTEMPATH\Commands\Server\rewrite.php(47): require_once('C:\\laragon\\www\\solarflood\\public\\index.php')
CRITICAL - 2024-05-10 14:46:48 --> Error: Call to undefined method App\Controllers\Home::getLatestWaterLevel()
in APPPATH\Controllers\Home.php on line 46.
 1 SYSTEMPATH\CodeIgniter.php(941): App\Controllers\Home->index()
 2 SYSTEMPATH\CodeIgniter.php(502): CodeIgniter\CodeIgniter->runController(Object(App\Controllers\Home))
 3 SYSTEMPATH\CodeIgniter.php(361): CodeIgniter\CodeIgniter->handleRequest(null, Object(Config\Cache), false)
 4 FCPATH\index.php(79): CodeIgniter\CodeIgniter->run()
 5 SYSTEMPATH\Commands\Server\rewrite.php(47): require_once('C:\\laragon\\www\\solarflood\\public\\index.php')
CRITICAL - 2024-05-10 14:47:02 --> ErrorException: Undefined array key "waterlevel"
in APPPATH\Views\dashboard.php on line 73.
 1 APPPATH\Views\dashboard.php(73): CodeIgniter\Debug\Exceptions->errorHandler(2, 'Undefined array key "waterlevel"', 'C:\\laragon\\www\\solarflood\\app\\Views\\dashboard.php', 73)
 2 SYSTEMPATH\View\View.php(228): include('C:\\laragon\\www\\solarflood\\app\\Views\\dashboard.php')
 3 SYSTEMPATH\View\View.php(231): CodeIgniter\View\View->CodeIgniter\View\{closure}()
 4 SYSTEMPATH\Common.php(1178): CodeIgniter\View\View->render('dashboard', [], true)
 5 APPPATH\Controllers\Home.php(53): view('dashboard', [...])
 6 SYSTEMPATH\CodeIgniter.php(941): App\Controllers\Home->index()
 7 SYSTEMPATH\CodeIgniter.php(502): CodeIgniter\CodeIgniter->runController(Object(App\Controllers\Home))
 8 SYSTEMPATH\CodeIgniter.php(361): CodeIgniter\CodeIgniter->handleRequest(null, Object(Config\Cache), false)
 9 FCPATH\index.php(79): CodeIgniter\CodeIgniter->run()
10 SYSTEMPATH\Commands\Server\rewrite.php(47): require_once('C:\\laragon\\www\\solarflood\\public\\index.php')
CRITICAL - 2024-05-10 14:48:28 --> ErrorException: Undefined variable $lastFiveWaterLevels
in APPPATH\Views\dashboard.php on line 71.
 1 APPPATH\Views\dashboard.php(71): CodeIgniter\Debug\Exceptions->errorHandler(2, 'Undefined variable $lastFiveWaterLevels', 'C:\\laragon\\www\\solarflood\\app\\Views\\dashboard.php', 71)
 2 SYSTEMPATH\View\View.php(228): include('C:\\laragon\\www\\solarflood\\app\\Views\\dashboard.php')
 3 SYSTEMPATH\View\View.php(231): CodeIgniter\View\View->CodeIgniter\View\{closure}()
 4 SYSTEMPATH\Common.php(1178): CodeIgniter\View\View->render('dashboard', [], true)
 5 APPPATH\Controllers\Home.php(53): view('dashboard', [...])
 6 SYSTEMPATH\CodeIgniter.php(941): App\Controllers\Home->index()
 7 SYSTEMPATH\CodeIgniter.php(502): CodeIgniter\CodeIgniter->runController(Object(App\Controllers\Home))
 8 SYSTEMPATH\CodeIgniter.php(361): CodeIgniter\CodeIgniter->handleRequest(null, Object(Config\Cache), false)
 9 FCPATH\index.php(79): CodeIgniter\CodeIgniter->run()
10 SYSTEMPATH\Commands\Server\rewrite.php(47): require_once('C:\\laragon\\www\\solarflood\\public\\index.php')
CRITICAL - 2024-05-10 14:49:06 --> ErrorException: Undefined array key "water_level"
in APPPATH\Views\dashboard.php on line 73.
 1 APPPATH\Views\dashboard.php(73): CodeIgniter\Debug\Exceptions->errorHandler(2, 'Undefined array key "water_level"', 'C:\\laragon\\www\\solarflood\\app\\Views\\dashboard.php', 73)
 2 SYSTEMPATH\View\View.php(228): include('C:\\laragon\\www\\solarflood\\app\\Views\\dashboard.php')
 3 SYSTEMPATH\View\View.php(231): CodeIgniter\View\View->CodeIgniter\View\{closure}()
 4 SYSTEMPATH\Common.php(1178): CodeIgniter\View\View->render('dashboard', [], true)
 5 APPPATH\Controllers\Home.php(53): view('dashboard', [...])
 6 SYSTEMPATH\CodeIgniter.php(941): App\Controllers\Home->index()
 7 SYSTEMPATH\CodeIgniter.php(502): CodeIgniter\CodeIgniter->runController(Object(App\Controllers\Home))
 8 SYSTEMPATH\CodeIgniter.php(361): CodeIgniter\CodeIgniter->handleRequest(null, Object(Config\Cache), false)
 9 FCPATH\index.php(79): CodeIgniter\CodeIgniter->run()
10 SYSTEMPATH\Commands\Server\rewrite.php(47): require_once('C:\\laragon\\www\\solarflood\\public\\index.php')
CRITICAL - 2024-05-10 14:59:52 --> ErrorException: Trying to access array offset on value of type null
in APPPATH\Views\dashboard.php on line 32.
 1 APPPATH\Views\dashboard.php(32): CodeIgniter\Debug\Exceptions->errorHandler(2, 'Trying to access array offset on value of type null', 'C:\\laragon\\www\\solarflood\\app\\Views\\dashboard.php', 32)
 2 SYSTEMPATH\View\View.php(228): include('C:\\laragon\\www\\solarflood\\app\\Views\\dashboard.php')
 3 SYSTEMPATH\View\View.php(231): CodeIgniter\View\View->CodeIgniter\View\{closure}()
 4 SYSTEMPATH\Common.php(1178): CodeIgniter\View\View->render('dashboard', [], true)
 5 APPPATH\Controllers\Home.php(53): view('dashboard', [...])
 6 SYSTEMPATH\CodeIgniter.php(941): App\Controllers\Home->index()
 7 SYSTEMPATH\CodeIgniter.php(502): CodeIgniter\CodeIgniter->runController(Object(App\Controllers\Home))
 8 SYSTEMPATH\CodeIgniter.php(361): CodeIgniter\CodeIgniter->handleRequest(null, Object(Config\Cache), false)
 9 FCPATH\index.php(79): CodeIgniter\CodeIgniter->run()
10 SYSTEMPATH\Commands\Server\rewrite.php(47): require_once('C:\\laragon\\www\\solarflood\\public\\index.php')
CRITICAL - 2024-05-10 15:03:55 --> ParseError: syntax error, unexpected token "}", expecting ";"
in APPPATH\Controllers\Home.php on line 72.
 1 SYSTEMPATH\Autoloader\Autoloader.php(288): CodeIgniter\Autoloader\Autoloader->includeFile('C:\\laragon\\www\\solarflood\\app\\Controllers\\Home.php')
 2 SYSTEMPATH\Autoloader\Autoloader.php(266): CodeIgniter\Autoloader\Autoloader->loadInNamespace('App\\Controllers\\Home')
 3 [internal function]: CodeIgniter\Autoloader\Autoloader->loadClass('App\\Controllers\\Home')
 4 SYSTEMPATH\CodeIgniter.php(899): class_exists('\\App\\Controllers\\Home', true)
 5 SYSTEMPATH\CodeIgniter.php(489): CodeIgniter\CodeIgniter->startController()
 6 SYSTEMPATH\CodeIgniter.php(361): CodeIgniter\CodeIgniter->handleRequest(null, Object(Config\Cache), false)
 7 FCPATH\index.php(79): CodeIgniter\CodeIgniter->run()
 8 SYSTEMPATH\Commands\Server\rewrite.php(47): require_once('C:\\laragon\\www\\solarflood\\public\\index.php')
CRITICAL - 2024-05-10 15:04:01 --> ErrorException: Trying to access array offset on value of type null
in APPPATH\Views\dashboard.php on line 73.
 1 APPPATH\Views\dashboard.php(73): CodeIgniter\Debug\Exceptions->errorHandler(2, 'Trying to access array offset on value of type null', 'C:\\laragon\\www\\solarflood\\app\\Views\\dashboard.php', 73)
 2 SYSTEMPATH\View\View.php(228): include('C:\\laragon\\www\\solarflood\\app\\Views\\dashboard.php')
 3 SYSTEMPATH\View\View.php(231): CodeIgniter\View\View->CodeIgniter\View\{closure}()
 4 SYSTEMPATH\Common.php(1178): CodeIgniter\View\View->render('dashboard', [], true)
 5 APPPATH\Controllers\Home.php(53): view('dashboard', [...])
 6 SYSTEMPATH\CodeIgniter.php(941): App\Controllers\Home->index()
 7 SYSTEMPATH\CodeIgniter.php(502): CodeIgniter\CodeIgniter->runController(Object(App\Controllers\Home))
 8 SYSTEMPATH\CodeIgniter.php(361): CodeIgniter\CodeIgniter->handleRequest(null, Object(Config\Cache), false)
 9 FCPATH\index.php(79): CodeIgniter\CodeIgniter->run()
10 SYSTEMPATH\Commands\Server\rewrite.php(47): require_once('C:\\laragon\\www\\solarflood\\public\\index.php')
CRITICAL - 2024-05-10 15:05:49 --> Error: Call to a member function limit() on array
in APPPATH\Controllers\Home.php on line 71.
 1 APPPATH\Controllers\Home.php(46): App\Controllers\Home->getLatestWaterLevel()
 2 SYSTEMPATH\CodeIgniter.php(941): App\Controllers\Home->index()
 3 SYSTEMPATH\CodeIgniter.php(502): CodeIgniter\CodeIgniter->runController(Object(App\Controllers\Home))
 4 SYSTEMPATH\CodeIgniter.php(361): CodeIgniter\CodeIgniter->handleRequest(null, Object(Config\Cache), false)
 5 FCPATH\index.php(79): CodeIgniter\CodeIgniter->run()
 6 SYSTEMPATH\Commands\Server\rewrite.php(47): require_once('C:\\laragon\\www\\solarflood\\public\\index.php')
CRITICAL - 2024-05-10 15:08:11 --> ErrorException: Undefined array key "water_level"
in APPPATH\Views\dashboard.php on line 83.
 1 APPPATH\Views\dashboard.php(83): CodeIgniter\Debug\Exceptions->errorHandler(2, 'Undefined array key "water_level"', 'C:\\laragon\\www\\solarflood\\app\\Views\\dashboard.php', 83)
 2 SYSTEMPATH\View\View.php(228): include('C:\\laragon\\www\\solarflood\\app\\Views\\dashboard.php')
 3 SYSTEMPATH\View\View.php(231): CodeIgniter\View\View->CodeIgniter\View\{closure}()
 4 SYSTEMPATH\Common.php(1178): CodeIgniter\View\View->render('dashboard', [], true)
 5 APPPATH\Controllers\Home.php(53): view('dashboard', [...])
 6 SYSTEMPATH\CodeIgniter.php(941): App\Controllers\Home->index()
 7 SYSTEMPATH\CodeIgniter.php(502): CodeIgniter\CodeIgniter->runController(Object(App\Controllers\Home))
 8 SYSTEMPATH\CodeIgniter.php(361): CodeIgniter\CodeIgniter->handleRequest(null, Object(Config\Cache), false)
 9 FCPATH\index.php(79): CodeIgniter\CodeIgniter->run()
10 SYSTEMPATH\Commands\Server\rewrite.php(47): require_once('C:\\laragon\\www\\solarflood\\public\\index.php')
