CRITICAL - 2024-09-30 01:43:20 --> ErrorException: Undefined array key "username"
in APPPATH\Views\sidebar.php on line 14.
 1 APPPATH\Views\sidebar.php(14): CodeIgniter\Debug\Exceptions->errorHandler(2, 'Undefined array key "username"', 'C:\\laragon\\www\\solarflood\\app\\Views\\sidebar.php', 14)
 2 SYSTEMPATH\View\View.php(228): include('C:\\laragon\\www\\solarflood\\app\\Views\\sidebar.php')
 3 SYSTEMPATH\View\View.php(231): CodeIgniter\View\View->CodeIgniter\View\{closure}()
 4 SYSTEMPATH\View\View.php(469): CodeIgniter\View\View->render('sidebar', null, true)
 5 APPPATH\Views\dashboard.php(8): CodeIgniter\View\View->include('sidebar')
 6 SYSTEMPATH\View\View.php(228): include('C:\\laragon\\www\\solarflood\\app\\Views\\dashboard.php')
 7 SYSTEMPATH\View\View.php(231): CodeIgniter\View\View->CodeIgniter\View\{closure}()
 8 SYSTEMPATH\Common.php(1178): CodeIgniter\View\View->render('dashboard', [], true)
 9 APPPATH\Controllers\Home.php(98): view('dashboard', [...])
10 SYSTEMPATH\CodeIgniter.php(941): App\Controllers\Home->index()
11 SYSTEMPATH\CodeIgniter.php(502): CodeIgniter\CodeIgniter->runController(Object(App\Controllers\Home))
12 SYSTEMPATH\CodeIgniter.php(361): CodeIgniter\CodeIgniter->handleRequest(null, Object(Config\Cache), false)
13 FCPATH\index.php(82): CodeIgniter\CodeIgniter->run()
14 SYSTEMPATH\Commands\Server\rewrite.php(47): require_once('C:\\laragon\\www\\solarflood\\public\\index.php')
CRITICAL - 2024-09-30 01:44:55 --> ErrorException: Undefined array key "username"
in APPPATH\Views\sidebar.php on line 14.
 1 APPPATH\Views\sidebar.php(14): CodeIgniter\Debug\Exceptions->errorHandler(2, 'Undefined array key "username"', 'C:\\laragon\\www\\solarflood\\app\\Views\\sidebar.php', 14)
 2 SYSTEMPATH\View\View.php(228): include('C:\\laragon\\www\\solarflood\\app\\Views\\sidebar.php')
 3 SYSTEMPATH\View\View.php(231): CodeIgniter\View\View->CodeIgniter\View\{closure}()
 4 SYSTEMPATH\View\View.php(469): CodeIgniter\View\View->render('sidebar', null, true)
 5 APPPATH\Views\dashboard.php(8): CodeIgniter\View\View->include('sidebar')
 6 SYSTEMPATH\View\View.php(228): include('C:\\laragon\\www\\solarflood\\app\\Views\\dashboard.php')
 7 SYSTEMPATH\View\View.php(231): CodeIgniter\View\View->CodeIgniter\View\{closure}()
 8 SYSTEMPATH\Common.php(1178): CodeIgniter\View\View->render('dashboard', [], true)
 9 APPPATH\Controllers\Home.php(98): view('dashboard', [...])
10 SYSTEMPATH\CodeIgniter.php(941): App\Controllers\Home->index()
11 SYSTEMPATH\CodeIgniter.php(502): CodeIgniter\CodeIgniter->runController(Object(App\Controllers\Home))
12 SYSTEMPATH\CodeIgniter.php(361): CodeIgniter\CodeIgniter->handleRequest(null, Object(Config\Cache), false)
13 FCPATH\index.php(82): CodeIgniter\CodeIgniter->run()
14 SYSTEMPATH\Commands\Server\rewrite.php(47): require_once('C:\\laragon\\www\\solarflood\\public\\index.php')
CRITICAL - 2024-09-30 01:48:14 --> ErrorException: Undefined array key "username"
in APPPATH\Views\sidebar.php on line 14.
 1 APPPATH\Views\sidebar.php(14): CodeIgniter\Debug\Exceptions->errorHandler(2, 'Undefined array key "username"', 'C:\\laragon\\www\\solarflood\\app\\Views\\sidebar.php', 14)
 2 SYSTEMPATH\View\View.php(228): include('C:\\laragon\\www\\solarflood\\app\\Views\\sidebar.php')
 3 SYSTEMPATH\View\View.php(231): CodeIgniter\View\View->CodeIgniter\View\{closure}()
 4 SYSTEMPATH\View\View.php(469): CodeIgniter\View\View->render('sidebar', null, true)
 5 APPPATH\Views\dashboard.php(8): CodeIgniter\View\View->include('sidebar')
 6 SYSTEMPATH\View\View.php(228): include('C:\\laragon\\www\\solarflood\\app\\Views\\dashboard.php')
 7 SYSTEMPATH\View\View.php(231): CodeIgniter\View\View->CodeIgniter\View\{closure}()
 8 SYSTEMPATH\Common.php(1178): CodeIgniter\View\View->render('dashboard', [], true)
 9 APPPATH\Controllers\Home.php(98): view('dashboard', [...])
10 SYSTEMPATH\CodeIgniter.php(941): App\Controllers\Home->index()
11 SYSTEMPATH\CodeIgniter.php(502): CodeIgniter\CodeIgniter->runController(Object(App\Controllers\Home))
12 SYSTEMPATH\CodeIgniter.php(361): CodeIgniter\CodeIgniter->handleRequest(null, Object(Config\Cache), false)
13 FCPATH\index.php(82): CodeIgniter\CodeIgniter->run()
14 SYSTEMPATH\Commands\Server\rewrite.php(47): require_once('C:\\laragon\\www\\solarflood\\public\\index.php')
CRITICAL - 2024-09-30 01:49:49 --> ErrorException: Undefined array key "username"
in APPPATH\Views\sidebar.php on line 14.
 1 APPPATH\Views\sidebar.php(14): CodeIgniter\Debug\Exceptions->errorHandler(2, 'Undefined array key "username"', 'C:\\laragon\\www\\solarflood\\app\\Views\\sidebar.php', 14)
 2 SYSTEMPATH\View\View.php(228): include('C:\\laragon\\www\\solarflood\\app\\Views\\sidebar.php')
 3 SYSTEMPATH\View\View.php(231): CodeIgniter\View\View->CodeIgniter\View\{closure}()
 4 SYSTEMPATH\View\View.php(469): CodeIgniter\View\View->render('sidebar', null, true)
 5 APPPATH\Views\dashboard.php(8): CodeIgniter\View\View->include('sidebar')
 6 SYSTEMPATH\View\View.php(228): include('C:\\laragon\\www\\solarflood\\app\\Views\\dashboard.php')
 7 SYSTEMPATH\View\View.php(231): CodeIgniter\View\View->CodeIgniter\View\{closure}()
 8 SYSTEMPATH\Common.php(1178): CodeIgniter\View\View->render('dashboard', [], true)
 9 APPPATH\Controllers\Home.php(98): view('dashboard', [...])
10 SYSTEMPATH\CodeIgniter.php(941): App\Controllers\Home->index()
11 SYSTEMPATH\CodeIgniter.php(502): CodeIgniter\CodeIgniter->runController(Object(App\Controllers\Home))
12 SYSTEMPATH\CodeIgniter.php(361): CodeIgniter\CodeIgniter->handleRequest(null, Object(Config\Cache), false)
13 FCPATH\index.php(82): CodeIgniter\CodeIgniter->run()
14 SYSTEMPATH\Commands\Server\rewrite.php(47): require_once('C:\\laragon\\www\\solarflood\\public\\index.php')
CRITICAL - 2024-09-30 01:50:09 --> ErrorException: Undefined array key "username"
in APPPATH\Views\sidebar.php on line 14.
 1 APPPATH\Views\sidebar.php(14): CodeIgniter\Debug\Exceptions->errorHandler(2, 'Undefined array key "username"', 'C:\\laragon\\www\\solarflood\\app\\Views\\sidebar.php', 14)
 2 SYSTEMPATH\View\View.php(228): include('C:\\laragon\\www\\solarflood\\app\\Views\\sidebar.php')
 3 SYSTEMPATH\View\View.php(231): CodeIgniter\View\View->CodeIgniter\View\{closure}()
 4 SYSTEMPATH\View\View.php(469): CodeIgniter\View\View->render('sidebar', null, true)
 5 APPPATH\Views\dashboard.php(8): CodeIgniter\View\View->include('sidebar')
 6 SYSTEMPATH\View\View.php(228): include('C:\\laragon\\www\\solarflood\\app\\Views\\dashboard.php')
 7 SYSTEMPATH\View\View.php(231): CodeIgniter\View\View->CodeIgniter\View\{closure}()
 8 SYSTEMPATH\Common.php(1178): CodeIgniter\View\View->render('dashboard', [], true)
 9 APPPATH\Controllers\Home.php(98): view('dashboard', [...])
10 SYSTEMPATH\CodeIgniter.php(941): App\Controllers\Home->index()
11 SYSTEMPATH\CodeIgniter.php(502): CodeIgniter\CodeIgniter->runController(Object(App\Controllers\Home))
12 SYSTEMPATH\CodeIgniter.php(361): CodeIgniter\CodeIgniter->handleRequest(null, Object(Config\Cache), false)
13 FCPATH\index.php(82): CodeIgniter\CodeIgniter->run()
14 SYSTEMPATH\Commands\Server\rewrite.php(47): require_once('C:\\laragon\\www\\solarflood\\public\\index.php')
CRITICAL - 2024-09-30 02:31:45 --> ErrorException: ini_set(): Session ini settings cannot be changed after headers have already been sent
in SYSTEMPATH\Session\Handlers\FileHandler.php on line 72.
 1 [internal function]: CodeIgniter\Debug\Exceptions->errorHandler(2, 'ini_set(): Session ini settings cannot be changed after headers have already been sent', 'C:\\laragon\\www\\solarflood\\system\\Session\\Handlers\\FileHandler.php', 72)
 2 SYSTEMPATH\Session\Handlers\FileHandler.php(72): ini_set('session.save_path', 'C:\\laragon\\www\\solarflood\\writable\\session')
 3 SYSTEMPATH\Config\Services.php(686): CodeIgniter\Session\Handlers\FileHandler->__construct(Object(Config\Session), '::1')
 4 SYSTEMPATH\Config\BaseService.php(258): CodeIgniter\Config\Services::session(Object(Config\Session), false)
 5 SYSTEMPATH\Config\BaseService.php(199): CodeIgniter\Config\BaseService::__callStatic('session', [...])
 6 SYSTEMPATH\Config\Services.php(664): CodeIgniter\Config\BaseService::getSharedInstance('session', null)
 7 SYSTEMPATH\Config\BaseService.php(258): CodeIgniter\Config\Services::session()
 8 SYSTEMPATH\Common.php(982): CodeIgniter\Config\BaseService::__callStatic('session', [])
 9 APPPATH\Views\signin.php(388): session()
10 SYSTEMPATH\View\View.php(228): include('C:\\laragon\\www\\solarflood\\app\\Views\\signin.php')
11 SYSTEMPATH\View\View.php(231): CodeIgniter\View\View->CodeIgniter\View\{closure}()
12 SYSTEMPATH\Common.php(1178): CodeIgniter\View\View->render('signin', [], true)
13 APPPATH\Controllers\Home.php(242): view('signin')
14 SYSTEMPATH\CodeIgniter.php(941): App\Controllers\Home->signin()
15 SYSTEMPATH\CodeIgniter.php(502): CodeIgniter\CodeIgniter->runController(Object(App\Controllers\Home))
16 SYSTEMPATH\CodeIgniter.php(361): CodeIgniter\CodeIgniter->handleRequest(null, Object(Config\Cache), false)
17 FCPATH\index.php(82): CodeIgniter\CodeIgniter->run()
18 SYSTEMPATH\Commands\Server\rewrite.php(47): require_once('C:\\laragon\\www\\solarflood\\public\\index.php')
CRITICAL - 2024-09-30 02:35:41 --> ErrorException: ini_set(): Session ini settings cannot be changed after headers have already been sent
in SYSTEMPATH\Session\Handlers\FileHandler.php on line 72.
 1 [internal function]: CodeIgniter\Debug\Exceptions->errorHandler(2, 'ini_set(): Session ini settings cannot be changed after headers have already been sent', 'C:\\laragon\\www\\solarflood\\system\\Session\\Handlers\\FileHandler.php', 72)
 2 SYSTEMPATH\Session\Handlers\FileHandler.php(72): ini_set('session.save_path', 'C:\\laragon\\www\\solarflood\\writable\\session')
 3 SYSTEMPATH\Config\Services.php(686): CodeIgniter\Session\Handlers\FileHandler->__construct(Object(Config\Session), '::1')
 4 SYSTEMPATH\Config\BaseService.php(258): CodeIgniter\Config\Services::session(Object(Config\Session), false)
 5 SYSTEMPATH\Config\BaseService.php(199): CodeIgniter\Config\BaseService::__callStatic('session', [...])
 6 SYSTEMPATH\Config\Services.php(664): CodeIgniter\Config\BaseService::getSharedInstance('session', null)
 7 SYSTEMPATH\Config\BaseService.php(258): CodeIgniter\Config\Services::session()
 8 SYSTEMPATH\Common.php(982): CodeIgniter\Config\BaseService::__callStatic('session', [])
 9 APPPATH\Views\signin.php(391): session()
10 SYSTEMPATH\View\View.php(228): include('C:\\laragon\\www\\solarflood\\app\\Views\\signin.php')
11 SYSTEMPATH\View\View.php(231): CodeIgniter\View\View->CodeIgniter\View\{closure}()
12 SYSTEMPATH\Common.php(1178): CodeIgniter\View\View->render('signin', [], true)
13 APPPATH\Controllers\Home.php(242): view('signin')
14 SYSTEMPATH\CodeIgniter.php(941): App\Controllers\Home->signin()
15 SYSTEMPATH\CodeIgniter.php(502): CodeIgniter\CodeIgniter->runController(Object(App\Controllers\Home))
16 SYSTEMPATH\CodeIgniter.php(361): CodeIgniter\CodeIgniter->handleRequest(null, Object(Config\Cache), false)
17 FCPATH\index.php(82): CodeIgniter\CodeIgniter->run()
18 SYSTEMPATH\Commands\Server\rewrite.php(47): require_once('C:\\laragon\\www\\solarflood\\public\\index.php')
CRITICAL - 2024-09-30 02:35:55 --> ParseError: syntax error, unexpected token "<", expecting end of file
in APPPATH\Views\signin.php on line 4.
 1 SYSTEMPATH\View\View.php(231): CodeIgniter\View\View->CodeIgniter\View\{closure}()
 2 SYSTEMPATH\Common.php(1178): CodeIgniter\View\View->render('signin', [], true)
 3 APPPATH\Controllers\Home.php(242): view('signin')
 4 SYSTEMPATH\CodeIgniter.php(941): App\Controllers\Home->signin()
 5 SYSTEMPATH\CodeIgniter.php(502): CodeIgniter\CodeIgniter->runController(Object(App\Controllers\Home))
 6 SYSTEMPATH\CodeIgniter.php(361): CodeIgniter\CodeIgniter->handleRequest(null, Object(Config\Cache), false)
 7 FCPATH\index.php(82): CodeIgniter\CodeIgniter->run()
 8 SYSTEMPATH\Commands\Server\rewrite.php(47): require_once('C:\\laragon\\www\\solarflood\\public\\index.php')
CRITICAL - 2024-09-30 02:35:55 --> ParseError: syntax error, unexpected token "<", expecting end of file
in APPPATH\Views\signin.php on line 4.
 1 SYSTEMPATH\View\View.php(231): CodeIgniter\View\View->CodeIgniter\View\{closure}()
 2 SYSTEMPATH\Common.php(1178): CodeIgniter\View\View->render('signin', [], true)
 3 APPPATH\Controllers\Home.php(242): view('signin')
 4 SYSTEMPATH\CodeIgniter.php(941): App\Controllers\Home->signin()
 5 SYSTEMPATH\CodeIgniter.php(502): CodeIgniter\CodeIgniter->runController(Object(App\Controllers\Home))
 6 SYSTEMPATH\CodeIgniter.php(361): CodeIgniter\CodeIgniter->handleRequest(null, Object(Config\Cache), false)
 7 FCPATH\index.php(82): CodeIgniter\CodeIgniter->run()
 8 SYSTEMPATH\Commands\Server\rewrite.php(47): require_once('C:\\laragon\\www\\solarflood\\public\\index.php')
CRITICAL - 2024-09-30 10:47:45 --> ErrorException: Attempt to read property "clientID" on null
in APPPATH\Controllers\Home.php on line 116.
 1 APPPATH\Controllers\Home.php(116): CodeIgniter\Debug\Exceptions->errorHandler(2, 'Attempt to read property "clientID" on null', 'C:\\laragon\\www\\solarflood\\app\\Controllers\\Home.php', 116)
 2 SYSTEMPATH\CodeIgniter.php(941): App\Controllers\Home->googleAuth()
 3 SYSTEMPATH\CodeIgniter.php(502): CodeIgniter\CodeIgniter->runController(Object(App\Controllers\Home))
 4 SYSTEMPATH\CodeIgniter.php(361): CodeIgniter\CodeIgniter->handleRequest(null, Object(Config\Cache), false)
 5 FCPATH\index.php(82): CodeIgniter\CodeIgniter->run()
 6 SYSTEMPATH\Commands\Server\rewrite.php(47): require_once('C:\\laragon\\www\\solarflood\\public\\index.php')
CRITICAL - 2024-09-30 13:12:22 --> ParseError: syntax error, unexpected token "<", expecting "function" or "const"
in APPPATH\Controllers\Home.php on line 1035.
 1 SYSTEMPATH\Autoloader\Autoloader.php(288): CodeIgniter\Autoloader\Autoloader->includeFile('C:\\laragon\\www\\solarflood\\app\\Controllers\\Home.php')
 2 SYSTEMPATH\Autoloader\Autoloader.php(266): CodeIgniter\Autoloader\Autoloader->loadInNamespace('App\\Controllers\\Home')
 3 [internal function]: CodeIgniter\Autoloader\Autoloader->loadClass('App\\Controllers\\Home')
 4 SYSTEMPATH\CodeIgniter.php(899): class_exists('\\App\\Controllers\\Home', true)
 5 SYSTEMPATH\CodeIgniter.php(489): CodeIgniter\CodeIgniter->startController()
 6 SYSTEMPATH\CodeIgniter.php(361): CodeIgniter\CodeIgniter->handleRequest(null, Object(Config\Cache), false)
 7 FCPATH\index.php(82): CodeIgniter\CodeIgniter->run()
 8 SYSTEMPATH\Commands\Server\rewrite.php(47): require_once('C:\\laragon\\www\\solarflood\\public\\index.php')
CRITICAL - 2024-09-30 13:30:27 --> Error: Call to undefined method App\Controllers\Home::fail()
in APPPATH\Controllers\Home.php on line 472.
 1 APPPATH\Controllers\Home.php(422): App\Controllers\Home->sendOTPEmail('ricofontecilla2002@gmail.com')
 2 SYSTEMPATH\CodeIgniter.php(941): App\Controllers\Home->signUp()
 3 SYSTEMPATH\CodeIgniter.php(502): CodeIgniter\CodeIgniter->runController(Object(App\Controllers\Home))
 4 SYSTEMPATH\CodeIgniter.php(361): CodeIgniter\CodeIgniter->handleRequest(null, Object(Config\Cache), false)
 5 FCPATH\index.php(82): CodeIgniter\CodeIgniter->run()
 6 SYSTEMPATH\Commands\Server\rewrite.php(47): require_once('C:\\laragon\\www\\solarflood\\public\\index.php')
CRITICAL - 2024-09-30 13:37:43 --> ErrorException: require(vendor/autoload.php): Failed to open stream: No such file or directory
in APPPATH\Controllers\Home.php on line 34.
 1 APPPATH\Controllers\Home.php(34): CodeIgniter\Debug\Exceptions->errorHandler(2, 'require(vendor/autoload.php): Failed to open stream: No such file or directory', 'C:\\laragon\\www\\solarflood\\app\\Controllers\\Home.php', 34)
 2 APPPATH\Controllers\Home.php(34): require()
 3 SYSTEMPATH\Autoloader\Autoloader.php(309): include_once('C:\\laragon\\www\\solarflood\\app\\Controllers\\Home.php')
 4 SYSTEMPATH\Autoloader\Autoloader.php(288): CodeIgniter\Autoloader\Autoloader->includeFile('C:\\laragon\\www\\solarflood\\app\\Controllers\\Home.php')
 5 SYSTEMPATH\Autoloader\Autoloader.php(266): CodeIgniter\Autoloader\Autoloader->loadInNamespace('App\\Controllers\\Home')
 6 [internal function]: CodeIgniter\Autoloader\Autoloader->loadClass('App\\Controllers\\Home')
 7 SYSTEMPATH\CodeIgniter.php(899): class_exists('\\App\\Controllers\\Home', true)
 8 SYSTEMPATH\CodeIgniter.php(489): CodeIgniter\CodeIgniter->startController()
 9 SYSTEMPATH\CodeIgniter.php(361): CodeIgniter\CodeIgniter->handleRequest(null, Object(Config\Cache), false)
10 FCPATH\index.php(82): CodeIgniter\CodeIgniter->run()
11 SYSTEMPATH\Commands\Server\rewrite.php(47): require_once('C:\\laragon\\www\\solarflood\\public\\index.php')
CRITICAL - 2024-09-30 14:17:47 --> CodeIgniter\View\Exceptions\ViewException: Invalid file: "verify_otp.php"
in SYSTEMPATH\Exceptions\FrameworkException.php on line 39.
 1 SYSTEMPATH\View\View.php(216): CodeIgniter\Exceptions\FrameworkException::forInvalidFile('verify_otp.php')
 2 SYSTEMPATH\Common.php(1178): CodeIgniter\View\View->render('verify_otp', [], true)
 3 APPPATH\Controllers\Home.php(513): view('verify_otp')
 4 SYSTEMPATH\CodeIgniter.php(941): App\Controllers\Home->otp()
 5 SYSTEMPATH\CodeIgniter.php(502): CodeIgniter\CodeIgniter->runController(Object(App\Controllers\Home))
 6 SYSTEMPATH\CodeIgniter.php(361): CodeIgniter\CodeIgniter->handleRequest(null, Object(Config\Cache), false)
 7 FCPATH\index.php(82): CodeIgniter\CodeIgniter->run()
 8 SYSTEMPATH\Commands\Server\rewrite.php(47): require_once('C:\\laragon\\www\\solarflood\\public\\index.php')
ERROR - 2024-09-30 15:08:35 --> Error connecting to the database: mysqli_sql_exception: Unknown database 'capstone' in C:\laragon\www\solarflood\system\Database\MySQLi\Connection.php:185
Stack trace:
#0 C:\laragon\www\solarflood\system\Database\MySQLi\Connection.php(185): mysqli->real_connect('localhost', 'root', '', 'capstone', 3306, '', 0)
#1 C:\laragon\www\solarflood\system\Database\BaseConnection.php(392): CodeIgniter\Database\MySQLi\Connection->connect(false)
#2 C:\laragon\www\solarflood\system\Database\BaseConnection.php(575): CodeIgniter\Database\BaseConnection->initialize()
#3 C:\laragon\www\solarflood\system\Database\BaseBuilder.php(1613): CodeIgniter\Database\BaseConnection->query('SELECT *\nFROM `...', Array, false)
#4 C:\laragon\www\solarflood\system\Model.php(270): CodeIgniter\Database\BaseBuilder->get()
#5 C:\laragon\www\solarflood\system\BaseModel.php(676): CodeIgniter\Model->doFirst()
#6 C:\laragon\www\solarflood\app\Controllers\Home.php(392): CodeIgniter\BaseModel->first()
#7 C:\laragon\www\solarflood\system\CodeIgniter.php(941): App\Controllers\Home->signUp()
#8 C:\laragon\www\solarflood\system\CodeIgniter.php(502): CodeIgniter\CodeIgniter->runController(Object(App\Controllers\Home))
#9 C:\laragon\www\solarflood\system\CodeIgniter.php(361): CodeIgniter\CodeIgniter->handleRequest(NULL, Object(Config\Cache), false)
#10 C:\laragon\www\solarflood\public\index.php(82): CodeIgniter\CodeIgniter->run()
#11 C:\laragon\www\solarflood\system\Commands\Server\rewrite.php(47): require_once('C:\\laragon\\www\\...')
#12 {main}

Next CodeIgniter\Database\Exceptions\DatabaseException: Unknown database 'capstone' in C:\laragon\www\solarflood\system\Database\MySQLi\Connection.php:229
Stack trace:
#0 C:\laragon\www\solarflood\system\Database\BaseConnection.php(392): CodeIgniter\Database\MySQLi\Connection->connect(false)
#1 C:\laragon\www\solarflood\system\Database\BaseConnection.php(575): CodeIgniter\Database\BaseConnection->initialize()
#2 C:\laragon\www\solarflood\system\Database\BaseBuilder.php(1613): CodeIgniter\Database\BaseConnection->query('SELECT *\nFROM `...', Array, false)
#3 C:\laragon\www\solarflood\system\Model.php(270): CodeIgniter\Database\BaseBuilder->get()
#4 C:\laragon\www\solarflood\system\BaseModel.php(676): CodeIgniter\Model->doFirst()
#5 C:\laragon\www\solarflood\app\Controllers\Home.php(392): CodeIgniter\BaseModel->first()
#6 C:\laragon\www\solarflood\system\CodeIgniter.php(941): App\Controllers\Home->signUp()
#7 C:\laragon\www\solarflood\system\CodeIgniter.php(502): CodeIgniter\CodeIgniter->runController(Object(App\Controllers\Home))
#8 C:\laragon\www\solarflood\system\CodeIgniter.php(361): CodeIgniter\CodeIgniter->handleRequest(NULL, Object(Config\Cache), false)
#9 C:\laragon\www\solarflood\public\index.php(82): CodeIgniter\CodeIgniter->run()
#10 C:\laragon\www\solarflood\system\Commands\Server\rewrite.php(47): require_once('C:\\laragon\\www\\...')
#11 {main}
CRITICAL - 2024-09-30 15:08:35 --> CodeIgniter\Database\Exceptions\DatabaseException: Unable to connect to the database.
Main connection [MySQLi]: Unknown database 'capstone'
in SYSTEMPATH\Database\BaseConnection.php on line 428.
 1 SYSTEMPATH\Database\BaseConnection.php(575): CodeIgniter\Database\BaseConnection->initialize()
 2 SYSTEMPATH\Database\BaseBuilder.php(1613): CodeIgniter\Database\BaseConnection->query('SELECT *
FROM `user`
WHERE `email` = :email:
 LIMIT 1', [...], false)
 3 SYSTEMPATH\Model.php(270): CodeIgniter\Database\BaseBuilder->get()
 4 SYSTEMPATH\BaseModel.php(676): CodeIgniter\Model->doFirst()
 5 APPPATH\Controllers\Home.php(392): CodeIgniter\BaseModel->first()
 6 SYSTEMPATH\CodeIgniter.php(941): App\Controllers\Home->signUp()
 7 SYSTEMPATH\CodeIgniter.php(502): CodeIgniter\CodeIgniter->runController(Object(App\Controllers\Home))
 8 SYSTEMPATH\CodeIgniter.php(361): CodeIgniter\CodeIgniter->handleRequest(null, Object(Config\Cache), false)
 9 FCPATH\index.php(82): CodeIgniter\CodeIgniter->run()
10 SYSTEMPATH\Commands\Server\rewrite.php(47): require_once('C:\\laragon\\www\\solarflood\\public\\index.php')
ERROR - 2024-09-30 15:08:56 --> Error connecting to the database: mysqli_sql_exception: Unknown database 'capstone' in C:\laragon\www\solarflood\system\Database\MySQLi\Connection.php:185
Stack trace:
#0 C:\laragon\www\solarflood\system\Database\MySQLi\Connection.php(185): mysqli->real_connect('localhost', 'root', '', 'capstone', 3306, '', 0)
#1 C:\laragon\www\solarflood\system\Database\BaseConnection.php(392): CodeIgniter\Database\MySQLi\Connection->connect(false)
#2 C:\laragon\www\solarflood\system\Database\BaseConnection.php(575): CodeIgniter\Database\BaseConnection->initialize()
#3 C:\laragon\www\solarflood\system\Database\BaseBuilder.php(1613): CodeIgniter\Database\BaseConnection->query('SELECT *\nFROM `...', Array, false)
#4 C:\laragon\www\solarflood\system\Model.php(270): CodeIgniter\Database\BaseBuilder->get()
#5 C:\laragon\www\solarflood\system\BaseModel.php(676): CodeIgniter\Model->doFirst()
#6 C:\laragon\www\solarflood\app\Controllers\Home.php(392): CodeIgniter\BaseModel->first()
#7 C:\laragon\www\solarflood\system\CodeIgniter.php(941): App\Controllers\Home->signUp()
#8 C:\laragon\www\solarflood\system\CodeIgniter.php(502): CodeIgniter\CodeIgniter->runController(Object(App\Controllers\Home))
#9 C:\laragon\www\solarflood\system\CodeIgniter.php(361): CodeIgniter\CodeIgniter->handleRequest(NULL, Object(Config\Cache), false)
#10 C:\laragon\www\solarflood\public\index.php(82): CodeIgniter\CodeIgniter->run()
#11 C:\laragon\www\solarflood\system\Commands\Server\rewrite.php(47): require_once('C:\\laragon\\www\\...')
#12 {main}

Next CodeIgniter\Database\Exceptions\DatabaseException: Unknown database 'capstone' in C:\laragon\www\solarflood\system\Database\MySQLi\Connection.php:229
Stack trace:
#0 C:\laragon\www\solarflood\system\Database\BaseConnection.php(392): CodeIgniter\Database\MySQLi\Connection->connect(false)
#1 C:\laragon\www\solarflood\system\Database\BaseConnection.php(575): CodeIgniter\Database\BaseConnection->initialize()
#2 C:\laragon\www\solarflood\system\Database\BaseBuilder.php(1613): CodeIgniter\Database\BaseConnection->query('SELECT *\nFROM `...', Array, false)
#3 C:\laragon\www\solarflood\system\Model.php(270): CodeIgniter\Database\BaseBuilder->get()
#4 C:\laragon\www\solarflood\system\BaseModel.php(676): CodeIgniter\Model->doFirst()
#5 C:\laragon\www\solarflood\app\Controllers\Home.php(392): CodeIgniter\BaseModel->first()
#6 C:\laragon\www\solarflood\system\CodeIgniter.php(941): App\Controllers\Home->signUp()
#7 C:\laragon\www\solarflood\system\CodeIgniter.php(502): CodeIgniter\CodeIgniter->runController(Object(App\Controllers\Home))
#8 C:\laragon\www\solarflood\system\CodeIgniter.php(361): CodeIgniter\CodeIgniter->handleRequest(NULL, Object(Config\Cache), false)
#9 C:\laragon\www\solarflood\public\index.php(82): CodeIgniter\CodeIgniter->run()
#10 C:\laragon\www\solarflood\system\Commands\Server\rewrite.php(47): require_once('C:\\laragon\\www\\...')
#11 {main}
CRITICAL - 2024-09-30 15:08:56 --> CodeIgniter\Database\Exceptions\DatabaseException: Unable to connect to the database.
Main connection [MySQLi]: Unknown database 'capstone'
in SYSTEMPATH\Database\BaseConnection.php on line 428.
 1 SYSTEMPATH\Database\BaseConnection.php(575): CodeIgniter\Database\BaseConnection->initialize()
 2 SYSTEMPATH\Database\BaseBuilder.php(1613): CodeIgniter\Database\BaseConnection->query('SELECT *
FROM `user`
WHERE `email` = :email:
 LIMIT 1', [...], false)
 3 SYSTEMPATH\Model.php(270): CodeIgniter\Database\BaseBuilder->get()
 4 SYSTEMPATH\BaseModel.php(676): CodeIgniter\Model->doFirst()
 5 APPPATH\Controllers\Home.php(392): CodeIgniter\BaseModel->first()
 6 SYSTEMPATH\CodeIgniter.php(941): App\Controllers\Home->signUp()
 7 SYSTEMPATH\CodeIgniter.php(502): CodeIgniter\CodeIgniter->runController(Object(App\Controllers\Home))
 8 SYSTEMPATH\CodeIgniter.php(361): CodeIgniter\CodeIgniter->handleRequest(null, Object(Config\Cache), false)
 9 FCPATH\index.php(82): CodeIgniter\CodeIgniter->run()
10 SYSTEMPATH\Commands\Server\rewrite.php(47): require_once('C:\\laragon\\www\\solarflood\\public\\index.php')
ERROR - 2024-09-30 15:09:21 --> Error connecting to the database: mysqli_sql_exception: No connection could be made because the target machine actively refused it in C:\laragon\www\solarflood\system\Database\MySQLi\Connection.php:185
Stack trace:
#0 C:\laragon\www\solarflood\system\Database\MySQLi\Connection.php(185): mysqli->real_connect('localhost', 'root', '', 'capstone', 3306, '', 0)
#1 C:\laragon\www\solarflood\system\Database\BaseConnection.php(392): CodeIgniter\Database\MySQLi\Connection->connect(false)
#2 C:\laragon\www\solarflood\system\Database\BaseConnection.php(575): CodeIgniter\Database\BaseConnection->initialize()
#3 C:\laragon\www\solarflood\system\Database\BaseBuilder.php(1613): CodeIgniter\Database\BaseConnection->query('SELECT *\nFROM `...', Array, false)
#4 C:\laragon\www\solarflood\system\Model.php(270): CodeIgniter\Database\BaseBuilder->get()
#5 C:\laragon\www\solarflood\system\BaseModel.php(676): CodeIgniter\Model->doFirst()
#6 C:\laragon\www\solarflood\app\Controllers\Home.php(392): CodeIgniter\BaseModel->first()
#7 C:\laragon\www\solarflood\system\CodeIgniter.php(941): App\Controllers\Home->signUp()
#8 C:\laragon\www\solarflood\system\CodeIgniter.php(502): CodeIgniter\CodeIgniter->runController(Object(App\Controllers\Home))
#9 C:\laragon\www\solarflood\system\CodeIgniter.php(361): CodeIgniter\CodeIgniter->handleRequest(NULL, Object(Config\Cache), false)
#10 C:\laragon\www\solarflood\public\index.php(82): CodeIgniter\CodeIgniter->run()
#11 C:\laragon\www\solarflood\system\Commands\Server\rewrite.php(47): require_once('C:\\laragon\\www\\...')
#12 {main}

Next CodeIgniter\Database\Exceptions\DatabaseException: No connection could be made because the target machine actively refused it in C:\laragon\www\solarflood\system\Database\MySQLi\Connection.php:229
Stack trace:
#0 C:\laragon\www\solarflood\system\Database\BaseConnection.php(392): CodeIgniter\Database\MySQLi\Connection->connect(false)
#1 C:\laragon\www\solarflood\system\Database\BaseConnection.php(575): CodeIgniter\Database\BaseConnection->initialize()
#2 C:\laragon\www\solarflood\system\Database\BaseBuilder.php(1613): CodeIgniter\Database\BaseConnection->query('SELECT *\nFROM `...', Array, false)
#3 C:\laragon\www\solarflood\system\Model.php(270): CodeIgniter\Database\BaseBuilder->get()
#4 C:\laragon\www\solarflood\system\BaseModel.php(676): CodeIgniter\Model->doFirst()
#5 C:\laragon\www\solarflood\app\Controllers\Home.php(392): CodeIgniter\BaseModel->first()
#6 C:\laragon\www\solarflood\system\CodeIgniter.php(941): App\Controllers\Home->signUp()
#7 C:\laragon\www\solarflood\system\CodeIgniter.php(502): CodeIgniter\CodeIgniter->runController(Object(App\Controllers\Home))
#8 C:\laragon\www\solarflood\system\CodeIgniter.php(361): CodeIgniter\CodeIgniter->handleRequest(NULL, Object(Config\Cache), false)
#9 C:\laragon\www\solarflood\public\index.php(82): CodeIgniter\CodeIgniter->run()
#10 C:\laragon\www\solarflood\system\Commands\Server\rewrite.php(47): require_once('C:\\laragon\\www\\...')
#11 {main}
CRITICAL - 2024-09-30 15:09:21 --> CodeIgniter\Database\Exceptions\DatabaseException: Unable to connect to the database.
Main connection [MySQLi]: No connection could be made because the target machine actively refused it
in SYSTEMPATH\Database\BaseConnection.php on line 428.
 1 SYSTEMPATH\Database\BaseConnection.php(575): CodeIgniter\Database\BaseConnection->initialize()
 2 SYSTEMPATH\Database\BaseBuilder.php(1613): CodeIgniter\Database\BaseConnection->query('SELECT *
FROM `user`
WHERE `email` = :email:
 LIMIT 1', [...], false)
 3 SYSTEMPATH\Model.php(270): CodeIgniter\Database\BaseBuilder->get()
 4 SYSTEMPATH\BaseModel.php(676): CodeIgniter\Model->doFirst()
 5 APPPATH\Controllers\Home.php(392): CodeIgniter\BaseModel->first()
 6 SYSTEMPATH\CodeIgniter.php(941): App\Controllers\Home->signUp()
 7 SYSTEMPATH\CodeIgniter.php(502): CodeIgniter\CodeIgniter->runController(Object(App\Controllers\Home))
 8 SYSTEMPATH\CodeIgniter.php(361): CodeIgniter\CodeIgniter->handleRequest(null, Object(Config\Cache), false)
 9 FCPATH\index.php(82): CodeIgniter\CodeIgniter->run()
10 SYSTEMPATH\Commands\Server\rewrite.php(47): require_once('C:\\laragon\\www\\solarflood\\public\\index.php')
ERROR - 2024-09-30 15:09:39 --> Error connecting to the database: mysqli_sql_exception: No connection could be made because the target machine actively refused it in C:\laragon\www\solarflood\system\Database\MySQLi\Connection.php:185
Stack trace:
#0 C:\laragon\www\solarflood\system\Database\MySQLi\Connection.php(185): mysqli->real_connect('localhost', 'root', '', 'capstone', 3306, '', 0)
#1 C:\laragon\www\solarflood\system\Database\BaseConnection.php(392): CodeIgniter\Database\MySQLi\Connection->connect(false)
#2 C:\laragon\www\solarflood\system\Database\BaseConnection.php(575): CodeIgniter\Database\BaseConnection->initialize()
#3 C:\laragon\www\solarflood\system\Database\BaseBuilder.php(1613): CodeIgniter\Database\BaseConnection->query('SELECT *\nFROM `...', Array, false)
#4 C:\laragon\www\solarflood\system\Model.php(270): CodeIgniter\Database\BaseBuilder->get()
#5 C:\laragon\www\solarflood\system\BaseModel.php(676): CodeIgniter\Model->doFirst()
#6 C:\laragon\www\solarflood\app\Controllers\Home.php(392): CodeIgniter\BaseModel->first()
#7 C:\laragon\www\solarflood\system\CodeIgniter.php(941): App\Controllers\Home->signUp()
#8 C:\laragon\www\solarflood\system\CodeIgniter.php(502): CodeIgniter\CodeIgniter->runController(Object(App\Controllers\Home))
#9 C:\laragon\www\solarflood\system\CodeIgniter.php(361): CodeIgniter\CodeIgniter->handleRequest(NULL, Object(Config\Cache), false)
#10 C:\laragon\www\solarflood\public\index.php(82): CodeIgniter\CodeIgniter->run()
#11 C:\laragon\www\solarflood\system\Commands\Server\rewrite.php(47): require_once('C:\\laragon\\www\\...')
#12 {main}

Next CodeIgniter\Database\Exceptions\DatabaseException: No connection could be made because the target machine actively refused it in C:\laragon\www\solarflood\system\Database\MySQLi\Connection.php:229
Stack trace:
#0 C:\laragon\www\solarflood\system\Database\BaseConnection.php(392): CodeIgniter\Database\MySQLi\Connection->connect(false)
#1 C:\laragon\www\solarflood\system\Database\BaseConnection.php(575): CodeIgniter\Database\BaseConnection->initialize()
#2 C:\laragon\www\solarflood\system\Database\BaseBuilder.php(1613): CodeIgniter\Database\BaseConnection->query('SELECT *\nFROM `...', Array, false)
#3 C:\laragon\www\solarflood\system\Model.php(270): CodeIgniter\Database\BaseBuilder->get()
#4 C:\laragon\www\solarflood\system\BaseModel.php(676): CodeIgniter\Model->doFirst()
#5 C:\laragon\www\solarflood\app\Controllers\Home.php(392): CodeIgniter\BaseModel->first()
#6 C:\laragon\www\solarflood\system\CodeIgniter.php(941): App\Controllers\Home->signUp()
#7 C:\laragon\www\solarflood\system\CodeIgniter.php(502): CodeIgniter\CodeIgniter->runController(Object(App\Controllers\Home))
#8 C:\laragon\www\solarflood\system\CodeIgniter.php(361): CodeIgniter\CodeIgniter->handleRequest(NULL, Object(Config\Cache), false)
#9 C:\laragon\www\solarflood\public\index.php(82): CodeIgniter\CodeIgniter->run()
#10 C:\laragon\www\solarflood\system\Commands\Server\rewrite.php(47): require_once('C:\\laragon\\www\\...')
#11 {main}
CRITICAL - 2024-09-30 15:09:39 --> CodeIgniter\Database\Exceptions\DatabaseException: Unable to connect to the database.
Main connection [MySQLi]: No connection could be made because the target machine actively refused it
in SYSTEMPATH\Database\BaseConnection.php on line 428.
 1 SYSTEMPATH\Database\BaseConnection.php(575): CodeIgniter\Database\BaseConnection->initialize()
 2 SYSTEMPATH\Database\BaseBuilder.php(1613): CodeIgniter\Database\BaseConnection->query('SELECT *
FROM `user`
WHERE `email` = :email:
 LIMIT 1', [...], false)
 3 SYSTEMPATH\Model.php(270): CodeIgniter\Database\BaseBuilder->get()
 4 SYSTEMPATH\BaseModel.php(676): CodeIgniter\Model->doFirst()
 5 APPPATH\Controllers\Home.php(392): CodeIgniter\BaseModel->first()
 6 SYSTEMPATH\CodeIgniter.php(941): App\Controllers\Home->signUp()
 7 SYSTEMPATH\CodeIgniter.php(502): CodeIgniter\CodeIgniter->runController(Object(App\Controllers\Home))
 8 SYSTEMPATH\CodeIgniter.php(361): CodeIgniter\CodeIgniter->handleRequest(null, Object(Config\Cache), false)
 9 FCPATH\index.php(82): CodeIgniter\CodeIgniter->run()
10 SYSTEMPATH\Commands\Server\rewrite.php(47): require_once('C:\\laragon\\www\\solarflood\\public\\index.php')
