CRITICAL - 2024-08-12 01:00:02 --> ErrorException: Undefined variable $user
in APPPATH\Views\sidebar.php on line 9.
 1 APPPATH\Views\sidebar.php(9): CodeIgniter\Debug\Exceptions->errorHandler(2, 'Undefined variable $user', 'C:\\laragon\\www\\solarflood\\app\\Views\\sidebar.php', 9)
 2 SYSTEMPATH\View\View.php(228): include('C:\\laragon\\www\\solarflood\\app\\Views\\sidebar.php')
 3 SYSTEMPATH\View\View.php(231): CodeIgniter\View\View->CodeIgniter\View\{closure}()
 4 SYSTEMPATH\View\View.php(469): CodeIgniter\View\View->render('sidebar', null, true)
 5 APPPATH\Views\contact.php(2): CodeIgniter\View\View->include('sidebar')
 6 SYSTEMPATH\View\View.php(228): include('C:\\laragon\\www\\solarflood\\app\\Views\\contact.php')
 7 SYSTEMPATH\View\View.php(231): CodeIgniter\View\View->CodeIgniter\View\{closure}()
 8 SYSTEMPATH\Common.php(1178): CodeIgniter\View\View->render('contact', [], true)
 9 APPPATH\Controllers\Home.php(136): view('contact', [...])
10 SYSTEMPATH\CodeIgniter.php(941): App\Controllers\Home->contact()
11 SYSTEMPATH\CodeIgniter.php(502): CodeIgniter\CodeIgniter->runController(Object(App\Controllers\Home))
12 SYSTEMPATH\CodeIgniter.php(361): CodeIgniter\CodeIgniter->handleRequest(null, Object(Config\Cache), false)
13 FCPATH\index.php(82): CodeIgniter\CodeIgniter->run()
14 SYSTEMPATH\Commands\Server\rewrite.php(47): require_once('C:\\laragon\\www\\solarflood\\public\\index.php')
CRITICAL - 2024-08-12 01:01:08 --> ErrorException: Undefined variable $user
in APPPATH\Views\sidebar.php on line 9.
 1 APPPATH\Views\sidebar.php(9): CodeIgniter\Debug\Exceptions->errorHandler(2, 'Undefined variable $user', 'C:\\laragon\\www\\solarflood\\app\\Views\\sidebar.php', 9)
 2 SYSTEMPATH\View\View.php(228): include('C:\\laragon\\www\\solarflood\\app\\Views\\sidebar.php')
 3 SYSTEMPATH\View\View.php(231): CodeIgniter\View\View->CodeIgniter\View\{closure}()
 4 SYSTEMPATH\View\View.php(469): CodeIgniter\View\View->render('sidebar', null, true)
 5 APPPATH\Views\status.php(3): CodeIgniter\View\View->include('sidebar')
 6 SYSTEMPATH\View\View.php(228): include('C:\\laragon\\www\\solarflood\\app\\Views\\status.php')
 7 SYSTEMPATH\View\View.php(231): CodeIgniter\View\View->CodeIgniter\View\{closure}()
 8 SYSTEMPATH\Common.php(1178): CodeIgniter\View\View->render('status', [], true)
 9 APPPATH\Controllers\Home.php(524): view('status', [...])
10 SYSTEMPATH\CodeIgniter.php(941): App\Controllers\Home->viewStatus()
11 SYSTEMPATH\CodeIgniter.php(502): CodeIgniter\CodeIgniter->runController(Object(App\Controllers\Home))
12 SYSTEMPATH\CodeIgniter.php(361): CodeIgniter\CodeIgniter->handleRequest(null, Object(Config\Cache), false)
13 FCPATH\index.php(82): CodeIgniter\CodeIgniter->run()
14 SYSTEMPATH\Commands\Server\rewrite.php(47): require_once('C:\\laragon\\www\\solarflood\\public\\index.php')
CRITICAL - 2024-08-12 01:04:40 --> TypeError: view(): Argument #1 ($name) must be of type string, array given, called in C:\laragon\www\solarflood\app\Controllers\Home.php on line 100
in SYSTEMPATH\Common.php on line 1166.
 1 APPPATH\Controllers\Home.php(100): view([...])
 2 SYSTEMPATH\CodeIgniter.php(941): App\Controllers\Home->alertHistory()
 3 SYSTEMPATH\CodeIgniter.php(502): CodeIgniter\CodeIgniter->runController(Object(App\Controllers\Home))
 4 SYSTEMPATH\CodeIgniter.php(361): CodeIgniter\CodeIgniter->handleRequest(null, Object(Config\Cache), false)
 5 FCPATH\index.php(82): CodeIgniter\CodeIgniter->run()
 6 SYSTEMPATH\Commands\Server\rewrite.php(47): require_once('C:\\laragon\\www\\solarflood\\public\\index.php')
CRITICAL - 2024-08-12 01:06:30 --> ErrorException: Undefined array key "waterlevel"
in APPPATH\Views\alertHistory.php on line 27.
 1 APPPATH\Views\alertHistory.php(27): CodeIgniter\Debug\Exceptions->errorHandler(2, 'Undefined array key "waterlevel"', 'C:\\laragon\\www\\solarflood\\app\\Views\\alertHistory.php', 27)
 2 SYSTEMPATH\View\View.php(228): include('C:\\laragon\\www\\solarflood\\app\\Views\\alertHistory.php')
 3 SYSTEMPATH\View\View.php(231): CodeIgniter\View\View->CodeIgniter\View\{closure}()
 4 SYSTEMPATH\Common.php(1178): CodeIgniter\View\View->render('alertHistory', [], true)
 5 APPPATH\Controllers\Home.php(101): view('alertHistory', [...])
 6 SYSTEMPATH\CodeIgniter.php(941): App\Controllers\Home->alertHistory()
 7 SYSTEMPATH\CodeIgniter.php(502): CodeIgniter\CodeIgniter->runController(Object(App\Controllers\Home))
 8 SYSTEMPATH\CodeIgniter.php(361): CodeIgniter\CodeIgniter->handleRequest(null, Object(Config\Cache), false)
 9 FCPATH\index.php(82): CodeIgniter\CodeIgniter->run()
10 SYSTEMPATH\Commands\Server\rewrite.php(47): require_once('C:\\laragon\\www\\solarflood\\public\\index.php')
CRITICAL - 2024-08-12 01:07:10 --> ErrorException: Undefined variable $latestWaterLevel
in APPPATH\Views\alertHistory.php on line 25.
 1 APPPATH\Views\alertHistory.php(25): CodeIgniter\Debug\Exceptions->errorHandler(2, 'Undefined variable $latestWaterLevel', 'C:\\laragon\\www\\solarflood\\app\\Views\\alertHistory.php', 25)
 2 SYSTEMPATH\View\View.php(228): include('C:\\laragon\\www\\solarflood\\app\\Views\\alertHistory.php')
 3 SYSTEMPATH\View\View.php(231): CodeIgniter\View\View->CodeIgniter\View\{closure}()
 4 SYSTEMPATH\Common.php(1178): CodeIgniter\View\View->render('alertHistory', [], true)
 5 APPPATH\Controllers\Home.php(101): view('alertHistory', [...])
 6 SYSTEMPATH\CodeIgniter.php(941): App\Controllers\Home->alertHistory()
 7 SYSTEMPATH\CodeIgniter.php(502): CodeIgniter\CodeIgniter->runController(Object(App\Controllers\Home))
 8 SYSTEMPATH\CodeIgniter.php(361): CodeIgniter\CodeIgniter->handleRequest(null, Object(Config\Cache), false)
 9 FCPATH\index.php(82): CodeIgniter\CodeIgniter->run()
10 SYSTEMPATH\Commands\Server\rewrite.php(47): require_once('C:\\laragon\\www\\solarflood\\public\\index.php')
CRITICAL - 2024-08-12 01:07:41 --> ErrorException: Undefined array key "waterlevel"
in APPPATH\Views\alertHistory.php on line 27.
 1 APPPATH\Views\alertHistory.php(27): CodeIgniter\Debug\Exceptions->errorHandler(2, 'Undefined array key "waterlevel"', 'C:\\laragon\\www\\solarflood\\app\\Views\\alertHistory.php', 27)
 2 SYSTEMPATH\View\View.php(228): include('C:\\laragon\\www\\solarflood\\app\\Views\\alertHistory.php')
 3 SYSTEMPATH\View\View.php(231): CodeIgniter\View\View->CodeIgniter\View\{closure}()
 4 SYSTEMPATH\Common.php(1178): CodeIgniter\View\View->render('alertHistory', [], true)
 5 APPPATH\Controllers\Home.php(101): view('alertHistory', [...])
 6 SYSTEMPATH\CodeIgniter.php(941): App\Controllers\Home->alertHistory()
 7 SYSTEMPATH\CodeIgniter.php(502): CodeIgniter\CodeIgniter->runController(Object(App\Controllers\Home))
 8 SYSTEMPATH\CodeIgniter.php(361): CodeIgniter\CodeIgniter->handleRequest(null, Object(Config\Cache), false)
 9 FCPATH\index.php(82): CodeIgniter\CodeIgniter->run()
10 SYSTEMPATH\Commands\Server\rewrite.php(47): require_once('C:\\laragon\\www\\solarflood\\public\\index.php')
CRITICAL - 2024-08-12 01:09:53 --> ErrorException: Undefined array key "waterlevel"
in APPPATH\Views\alertHistory.php on line 27.
 1 APPPATH\Views\alertHistory.php(27): CodeIgniter\Debug\Exceptions->errorHandler(2, 'Undefined array key "waterlevel"', 'C:\\laragon\\www\\solarflood\\app\\Views\\alertHistory.php', 27)
 2 SYSTEMPATH\View\View.php(228): include('C:\\laragon\\www\\solarflood\\app\\Views\\alertHistory.php')
 3 SYSTEMPATH\View\View.php(231): CodeIgniter\View\View->CodeIgniter\View\{closure}()
 4 SYSTEMPATH\Common.php(1178): CodeIgniter\View\View->render('alertHistory', [], true)
 5 APPPATH\Controllers\Home.php(101): view('alertHistory', [...])
 6 SYSTEMPATH\CodeIgniter.php(941): App\Controllers\Home->alertHistory()
 7 SYSTEMPATH\CodeIgniter.php(502): CodeIgniter\CodeIgniter->runController(Object(App\Controllers\Home))
 8 SYSTEMPATH\CodeIgniter.php(361): CodeIgniter\CodeIgniter->handleRequest(null, Object(Config\Cache), false)
 9 FCPATH\index.php(82): CodeIgniter\CodeIgniter->run()
10 SYSTEMPATH\Commands\Server\rewrite.php(47): require_once('C:\\laragon\\www\\solarflood\\public\\index.php')
CRITICAL - 2024-08-12 01:10:21 --> ErrorException: Undefined variable $latestWaterLevel
in APPPATH\Controllers\Home.php on line 100.
 1 APPPATH\Controllers\Home.php(100): CodeIgniter\Debug\Exceptions->errorHandler(2, 'Undefined variable $latestWaterLevel', 'C:\\laragon\\www\\solarflood\\app\\Controllers\\Home.php', 100)
 2 SYSTEMPATH\CodeIgniter.php(941): App\Controllers\Home->alertHistory()
 3 SYSTEMPATH\CodeIgniter.php(502): CodeIgniter\CodeIgniter->runController(Object(App\Controllers\Home))
 4 SYSTEMPATH\CodeIgniter.php(361): CodeIgniter\CodeIgniter->handleRequest(null, Object(Config\Cache), false)
 5 FCPATH\index.php(82): CodeIgniter\CodeIgniter->run()
 6 SYSTEMPATH\Commands\Server\rewrite.php(47): require_once('C:\\laragon\\www\\solarflood\\public\\index.php')
CRITICAL - 2024-08-12 01:15:04 --> ErrorException: Undefined variable $user
in APPPATH\Views\sidebar.php on line 9.
 1 APPPATH\Views\sidebar.php(9): CodeIgniter\Debug\Exceptions->errorHandler(2, 'Undefined variable $user', 'C:\\laragon\\www\\solarflood\\app\\Views\\sidebar.php', 9)
 2 SYSTEMPATH\View\View.php(228): include('C:\\laragon\\www\\solarflood\\app\\Views\\sidebar.php')
 3 SYSTEMPATH\View\View.php(231): CodeIgniter\View\View->CodeIgniter\View\{closure}()
 4 SYSTEMPATH\View\View.php(469): CodeIgniter\View\View->render('sidebar', null, true)
 5 APPPATH\Views\status.php(3): CodeIgniter\View\View->include('sidebar')
 6 SYSTEMPATH\View\View.php(228): include('C:\\laragon\\www\\solarflood\\app\\Views\\status.php')
 7 SYSTEMPATH\View\View.php(231): CodeIgniter\View\View->CodeIgniter\View\{closure}()
 8 SYSTEMPATH\Common.php(1178): CodeIgniter\View\View->render('status', [], true)
 9 APPPATH\Controllers\Home.php(544): view('status', [...])
10 SYSTEMPATH\CodeIgniter.php(941): App\Controllers\Home->viewStatus()
11 SYSTEMPATH\CodeIgniter.php(502): CodeIgniter\CodeIgniter->runController(Object(App\Controllers\Home))
12 SYSTEMPATH\CodeIgniter.php(361): CodeIgniter\CodeIgniter->handleRequest(null, Object(Config\Cache), false)
13 FCPATH\index.php(82): CodeIgniter\CodeIgniter->run()
14 SYSTEMPATH\Commands\Server\rewrite.php(47): require_once('C:\\laragon\\www\\solarflood\\public\\index.php')
CRITICAL - 2024-08-12 01:16:05 --> ErrorException: Undefined array key "phone_number"
in APPPATH\Views\contact.php on line 63.
 1 APPPATH\Views\contact.php(63): CodeIgniter\Debug\Exceptions->errorHandler(2, 'Undefined array key "phone_number"', 'C:\\laragon\\www\\solarflood\\app\\Views\\contact.php', 63)
 2 SYSTEMPATH\View\View.php(228): include('C:\\laragon\\www\\solarflood\\app\\Views\\contact.php')
 3 SYSTEMPATH\View\View.php(231): CodeIgniter\View\View->CodeIgniter\View\{closure}()
 4 SYSTEMPATH\Common.php(1178): CodeIgniter\View\View->render('contact', [], true)
 5 APPPATH\Controllers\Home.php(552): view('contact', [...])
 6 SYSTEMPATH\CodeIgniter.php(941): App\Controllers\Home->viewStatus()
 7 SYSTEMPATH\CodeIgniter.php(502): CodeIgniter\CodeIgniter->runController(Object(App\Controllers\Home))
 8 SYSTEMPATH\CodeIgniter.php(361): CodeIgniter\CodeIgniter->handleRequest(null, Object(Config\Cache), false)
 9 FCPATH\index.php(82): CodeIgniter\CodeIgniter->run()
10 SYSTEMPATH\Commands\Server\rewrite.php(47): require_once('C:\\laragon\\www\\solarflood\\public\\index.php')
CRITICAL - 2024-08-12 01:16:24 --> ErrorException: Undefined array key "phone_number"
in APPPATH\Views\contact.php on line 63.
 1 APPPATH\Views\contact.php(63): CodeIgniter\Debug\Exceptions->errorHandler(2, 'Undefined array key "phone_number"', 'C:\\laragon\\www\\solarflood\\app\\Views\\contact.php', 63)
 2 SYSTEMPATH\View\View.php(228): include('C:\\laragon\\www\\solarflood\\app\\Views\\contact.php')
 3 SYSTEMPATH\View\View.php(231): CodeIgniter\View\View->CodeIgniter\View\{closure}()
 4 SYSTEMPATH\Common.php(1178): CodeIgniter\View\View->render('contact', [], true)
 5 APPPATH\Controllers\Home.php(552): view('contact', [...])
 6 SYSTEMPATH\CodeIgniter.php(941): App\Controllers\Home->viewStatus()
 7 SYSTEMPATH\CodeIgniter.php(502): CodeIgniter\CodeIgniter->runController(Object(App\Controllers\Home))
 8 SYSTEMPATH\CodeIgniter.php(361): CodeIgniter\CodeIgniter->handleRequest(null, Object(Config\Cache), false)
 9 FCPATH\index.php(82): CodeIgniter\CodeIgniter->run()
10 SYSTEMPATH\Commands\Server\rewrite.php(47): require_once('C:\\laragon\\www\\solarflood\\public\\index.php')
CRITICAL - 2024-08-12 01:16:49 --> ErrorException: Undefined variable $statuses
in APPPATH\Views\status.php on line 27.
 1 APPPATH\Views\status.php(27): CodeIgniter\Debug\Exceptions->errorHandler(2, 'Undefined variable $statuses', 'C:\\laragon\\www\\solarflood\\app\\Views\\status.php', 27)
 2 SYSTEMPATH\View\View.php(228): include('C:\\laragon\\www\\solarflood\\app\\Views\\status.php')
 3 SYSTEMPATH\View\View.php(231): CodeIgniter\View\View->CodeIgniter\View\{closure}()
 4 SYSTEMPATH\Common.php(1178): CodeIgniter\View\View->render('status', [], true)
 5 APPPATH\Controllers\Home.php(552): view('status', [...])
 6 SYSTEMPATH\CodeIgniter.php(941): App\Controllers\Home->viewStatus()
 7 SYSTEMPATH\CodeIgniter.php(502): CodeIgniter\CodeIgniter->runController(Object(App\Controllers\Home))
 8 SYSTEMPATH\CodeIgniter.php(361): CodeIgniter\CodeIgniter->handleRequest(null, Object(Config\Cache), false)
 9 FCPATH\index.php(82): CodeIgniter\CodeIgniter->run()
10 SYSTEMPATH\Commands\Server\rewrite.php(47): require_once('C:\\laragon\\www\\solarflood\\public\\index.php')
CRITICAL - 2024-08-12 01:17:28 --> ErrorException: Undefined variable $user
in APPPATH\Views\sidebar.php on line 9.
 1 APPPATH\Views\sidebar.php(9): CodeIgniter\Debug\Exceptions->errorHandler(2, 'Undefined variable $user', 'C:\\laragon\\www\\solarflood\\app\\Views\\sidebar.php', 9)
 2 SYSTEMPATH\View\View.php(228): include('C:\\laragon\\www\\solarflood\\app\\Views\\sidebar.php')
 3 SYSTEMPATH\View\View.php(231): CodeIgniter\View\View->CodeIgniter\View\{closure}()
 4 SYSTEMPATH\View\View.php(469): CodeIgniter\View\View->render('sidebar', null, true)
 5 APPPATH\Views\message.php(2): CodeIgniter\View\View->include('sidebar')
 6 SYSTEMPATH\View\View.php(228): include('C:\\laragon\\www\\solarflood\\app\\Views\\message.php')
 7 SYSTEMPATH\View\View.php(231): CodeIgniter\View\View->CodeIgniter\View\{closure}()
 8 SYSTEMPATH\Common.php(1178): CodeIgniter\View\View->render('message', [], true)
 9 APPPATH\Controllers\Home.php(258): view('message', [...])
10 SYSTEMPATH\CodeIgniter.php(941): App\Controllers\Home->message()
11 SYSTEMPATH\CodeIgniter.php(502): CodeIgniter\CodeIgniter->runController(Object(App\Controllers\Home))
12 SYSTEMPATH\CodeIgniter.php(361): CodeIgniter\CodeIgniter->handleRequest(null, Object(Config\Cache), false)
13 FCPATH\index.php(82): CodeIgniter\CodeIgniter->run()
14 SYSTEMPATH\Commands\Server\rewrite.php(47): require_once('C:\\laragon\\www\\solarflood\\public\\index.php')
CRITICAL - 2024-08-12 01:18:08 --> ErrorException: Undefined array key "contact"
in APPPATH\Controllers\Home.php on line 265.
 1 APPPATH\Controllers\Home.php(265): CodeIgniter\Debug\Exceptions->errorHandler(2, 'Undefined array key "contact"', 'C:\\laragon\\www\\solarflood\\app\\Controllers\\Home.php', 265)
 2 SYSTEMPATH\CodeIgniter.php(941): App\Controllers\Home->message()
 3 SYSTEMPATH\CodeIgniter.php(502): CodeIgniter\CodeIgniter->runController(Object(App\Controllers\Home))
 4 SYSTEMPATH\CodeIgniter.php(361): CodeIgniter\CodeIgniter->handleRequest(null, Object(Config\Cache), false)
 5 FCPATH\index.php(82): CodeIgniter\CodeIgniter->run()
 6 SYSTEMPATH\Commands\Server\rewrite.php(47): require_once('C:\\laragon\\www\\solarflood\\public\\index.php')
CRITICAL - 2024-08-12 01:18:58 --> ParseError: syntax error, unexpected token "=>", expecting "]"
in APPPATH\Controllers\Home.php on line 265.
 1 SYSTEMPATH\Autoloader\Autoloader.php(288): CodeIgniter\Autoloader\Autoloader->includeFile('C:\\laragon\\www\\solarflood\\app\\Controllers\\Home.php')
 2 SYSTEMPATH\Autoloader\Autoloader.php(266): CodeIgniter\Autoloader\Autoloader->loadInNamespace('App\\Controllers\\Home')
 3 [internal function]: CodeIgniter\Autoloader\Autoloader->loadClass('App\\Controllers\\Home')
 4 SYSTEMPATH\CodeIgniter.php(899): class_exists('\\App\\Controllers\\Home', true)
 5 SYSTEMPATH\CodeIgniter.php(489): CodeIgniter\CodeIgniter->startController()
 6 SYSTEMPATH\CodeIgniter.php(361): CodeIgniter\CodeIgniter->handleRequest(null, Object(Config\Cache), false)
 7 FCPATH\index.php(82): CodeIgniter\CodeIgniter->run()
 8 SYSTEMPATH\Commands\Server\rewrite.php(47): require_once('C:\\laragon\\www\\solarflood\\public\\index.php')
CRITICAL - 2024-08-12 01:20:34 --> ErrorException: Undefined variable $contact
in APPPATH\Views\contact.php on line 61.
 1 APPPATH\Views\contact.php(61): CodeIgniter\Debug\Exceptions->errorHandler(2, 'Undefined variable $contact', 'C:\\laragon\\www\\solarflood\\app\\Views\\contact.php', 61)
 2 SYSTEMPATH\View\View.php(228): include('C:\\laragon\\www\\solarflood\\app\\Views\\contact.php')
 3 SYSTEMPATH\View\View.php(231): CodeIgniter\View\View->CodeIgniter\View\{closure}()
 4 SYSTEMPATH\Common.php(1178): CodeIgniter\View\View->render('contact', [], true)
 5 APPPATH\Controllers\Home.php(286): view('contact', [...])
 6 SYSTEMPATH\CodeIgniter.php(941): App\Controllers\Home->show('09952927249')
 7 SYSTEMPATH\CodeIgniter.php(502): CodeIgniter\CodeIgniter->runController(Object(App\Controllers\Home))
 8 SYSTEMPATH\CodeIgniter.php(361): CodeIgniter\CodeIgniter->handleRequest(null, Object(Config\Cache), false)
 9 FCPATH\index.php(82): CodeIgniter\CodeIgniter->run()
10 SYSTEMPATH\Commands\Server\rewrite.php(47): require_once('C:\\laragon\\www\\solarflood\\public\\index.php')
CRITICAL - 2024-08-12 01:22:38 --> ErrorException: Undefined variable $user
in APPPATH\Views\sent_message.php on line 44.
 1 APPPATH\Views\sent_message.php(44): CodeIgniter\Debug\Exceptions->errorHandler(2, 'Undefined variable $user', 'C:\\laragon\\www\\solarflood\\app\\Views\\sent_message.php', 44)
 2 SYSTEMPATH\View\View.php(228): include('C:\\laragon\\www\\solarflood\\app\\Views\\sent_message.php')
 3 SYSTEMPATH\View\View.php(231): CodeIgniter\View\View->CodeIgniter\View\{closure}()
 4 SYSTEMPATH\Common.php(1178): CodeIgniter\View\View->render('sent_message', [], true)
 5 APPPATH\Controllers\Home.php(294): view('sent_message', [...])
 6 SYSTEMPATH\CodeIgniter.php(941): App\Controllers\Home->sentMessage()
 7 SYSTEMPATH\CodeIgniter.php(502): CodeIgniter\CodeIgniter->runController(Object(App\Controllers\Home))
 8 SYSTEMPATH\CodeIgniter.php(361): CodeIgniter\CodeIgniter->handleRequest(null, Object(Config\Cache), false)
 9 FCPATH\index.php(82): CodeIgniter\CodeIgniter->run()
10 SYSTEMPATH\Commands\Server\rewrite.php(47): require_once('C:\\laragon\\www\\solarflood\\public\\index.php')
CRITICAL - 2024-08-12 04:48:30 --> ErrorException: Undefined array key "image"
in APPPATH\Views\sent_message.php on line 45.
 1 APPPATH\Views\sent_message.php(45): CodeIgniter\Debug\Exceptions->errorHandler(2, 'Undefined array key "image"', 'C:\\laragon\\www\\solarflood\\app\\Views\\sent_message.php', 45)
 2 SYSTEMPATH\View\View.php(228): include('C:\\laragon\\www\\solarflood\\app\\Views\\sent_message.php')
 3 SYSTEMPATH\View\View.php(231): CodeIgniter\View\View->CodeIgniter\View\{closure}()
 4 SYSTEMPATH\Common.php(1178): CodeIgniter\View\View->render('sent_message', [], true)
 5 APPPATH\Controllers\Home.php(302): view('sent_message', [...])
 6 SYSTEMPATH\CodeIgniter.php(941): App\Controllers\Home->sentMessage()
 7 SYSTEMPATH\CodeIgniter.php(502): CodeIgniter\CodeIgniter->runController(Object(App\Controllers\Home))
 8 SYSTEMPATH\CodeIgniter.php(361): CodeIgniter\CodeIgniter->handleRequest(null, Object(Config\Cache), false)
 9 FCPATH\index.php(82): CodeIgniter\CodeIgniter->run()
10 SYSTEMPATH\Commands\Server\rewrite.php(47): require_once('C:\\laragon\\www\\solarflood\\public\\index.php')
CRITICAL - 2024-08-12 04:48:40 --> ErrorException: Undefined array key "image"
in APPPATH\Views\sent_message.php on line 45.
 1 APPPATH\Views\sent_message.php(45): CodeIgniter\Debug\Exceptions->errorHandler(2, 'Undefined array key "image"', 'C:\\laragon\\www\\solarflood\\app\\Views\\sent_message.php', 45)
 2 SYSTEMPATH\View\View.php(228): include('C:\\laragon\\www\\solarflood\\app\\Views\\sent_message.php')
 3 SYSTEMPATH\View\View.php(231): CodeIgniter\View\View->CodeIgniter\View\{closure}()
 4 SYSTEMPATH\Common.php(1178): CodeIgniter\View\View->render('sent_message', [], true)
 5 APPPATH\Controllers\Home.php(302): view('sent_message', [...])
 6 SYSTEMPATH\CodeIgniter.php(941): App\Controllers\Home->sentMessage()
 7 SYSTEMPATH\CodeIgniter.php(502): CodeIgniter\CodeIgniter->runController(Object(App\Controllers\Home))
 8 SYSTEMPATH\CodeIgniter.php(361): CodeIgniter\CodeIgniter->handleRequest(null, Object(Config\Cache), false)
 9 FCPATH\index.php(82): CodeIgniter\CodeIgniter->run()
10 SYSTEMPATH\Commands\Server\rewrite.php(47): require_once('C:\\laragon\\www\\solarflood\\public\\index.php')
