CRITICAL - 2024-09-25 13:12:41 --> ErrorException: Undefined array key "image"
in APPPATH\Views\sent_message.php on line 60.
 1 APPPATH\Views\sent_message.php(60): CodeIgniter\Debug\Exceptions->errorHandler(2, 'Undefined array key "image"', 'C:\\laragon\\www\\solarflood\\app\\Views\\sent_message.php', 60)
 2 SYSTEMPATH\View\View.php(228): include('C:\\laragon\\www\\solarflood\\app\\Views\\sent_message.php')
 3 SYSTEMPATH\View\View.php(231): CodeIgniter\View\View->CodeIgniter\View\{closure}()
 4 SYSTEMPATH\Common.php(1178): CodeIgniter\View\View->render('sent_message', [], true)
 5 APPPATH\Controllers\Home.php(323): view('sent_message', [...])
 6 SYSTEMPATH\CodeIgniter.php(941): App\Controllers\Home->sentMessage()
 7 SYSTEMPATH\CodeIgniter.php(502): CodeIgniter\CodeIgniter->runController(Object(App\Controllers\Home))
 8 SYSTEMPATH\CodeIgniter.php(361): CodeIgniter\CodeIgniter->handleRequest(null, Object(Config\Cache), false)
 9 FCPATH\index.php(82): CodeIgniter\CodeIgniter->run()
10 SYSTEMPATH\Commands\Server\rewrite.php(47): require_once('C:\\laragon\\www\\solarflood\\public\\index.php')
CRITICAL - 2024-09-25 13:14:42 --> ErrorException: Undefined array key "image"
in APPPATH\Views\sent_message.php on line 60.
 1 APPPATH\Views\sent_message.php(60): CodeIgniter\Debug\Exceptions->errorHandler(2, 'Undefined array key "image"', 'C:\\laragon\\www\\solarflood\\app\\Views\\sent_message.php', 60)
 2 SYSTEMPATH\View\View.php(228): include('C:\\laragon\\www\\solarflood\\app\\Views\\sent_message.php')
 3 SYSTEMPATH\View\View.php(231): CodeIgniter\View\View->CodeIgniter\View\{closure}()
 4 SYSTEMPATH\Common.php(1178): CodeIgniter\View\View->render('sent_message', [], true)
 5 APPPATH\Controllers\Home.php(323): view('sent_message', [...])
 6 SYSTEMPATH\CodeIgniter.php(941): App\Controllers\Home->sentMessage()
 7 SYSTEMPATH\CodeIgniter.php(502): CodeIgniter\CodeIgniter->runController(Object(App\Controllers\Home))
 8 SYSTEMPATH\CodeIgniter.php(361): CodeIgniter\CodeIgniter->handleRequest(null, Object(Config\Cache), false)
 9 FCPATH\index.php(82): CodeIgniter\CodeIgniter->run()
10 SYSTEMPATH\Commands\Server\rewrite.php(47): require_once('C:\\laragon\\www\\solarflood\\public\\index.php')
